<?xml version="1.0" encoding="UTF-8"?>
<robot generator="Robot 3.2.2 (Python 3.7.3 on win32)" generated="20210127 16:19:04.702" rpa="false">
<suite id="s1" name="TestCases GET" source="C:\Users\renuk\PycharmProjects\Automation2021\TestCases_GET">
<suite id="s1-s1" name="TC COMMENTS POST ID" source="C:\Users\renuk\PycharmProjects\Automation2021\TestCases_GET\TC_COMMENTS_POST_ID.robot">
<test id="s1-s1-t1" name="TC_13_Validate_Headers">
<kw name="Create Session" library="RequestsLibrary">
<doc>Create Session: create a HTTP session to a server</doc>
<arguments>
<arg>GetSession</arg>
<arg>${Base_URL}</arg>
</arguments>
<msg timestamp="20210127 16:19:05.488" level="INFO">Creating Session using : alias=GetSession, url=http://jsonplaceholder.typicode.com, headers={},                     cookies={}, auth=None, timeout=None, proxies=None, verify=False,                     debug=0 </msg>
<status status="PASS" starttime="20210127 16:19:05.488" endtime="20210127 16:19:05.488"></status>
</kw>
<kw name="Create Dictionary" library="BuiltIn">
<doc>Creates and returns a dictionary based on the given ``items``.</doc>
<arguments>
<arg>postId=${Post_Id}</arg>
</arguments>
<assign>
<var>&amp;{param}</var>
</assign>
<msg timestamp="20210127 16:19:05.489" level="INFO">&amp;{param} = { postId=2 }</msg>
<status status="PASS" starttime="20210127 16:19:05.489" endtime="20210127 16:19:05.489"></status>
</kw>
<kw name="Get On Session" library="RequestsLibrary">
<doc>Sends a GET request on a previously created HTTP Session.</doc>
<arguments>
<arg>GetSession</arg>
<arg>/comments</arg>
<arg>params=${param}</arg>
</arguments>
<assign>
<var>${response}</var>
</assign>
<msg timestamp="20210127 16:19:05.585" level="INFO">GET Request : url=http://jsonplaceholder.typicode.com/comments?postId=2 
 path_url=/comments?postId=2 
 headers={'User-Agent': 'python-requests/2.25.1', 'Accept-Encoding': 'gzip, deflate', 'Accept': '*/*', 'Connection': 'keep-alive'} 
 body=None 
 </msg>
<msg timestamp="20210127 16:19:05.585" level="INFO">GET Response : url=http://jsonplaceholder.typicode.com/comments?postId=2 
 status=200, reason=OK 
 headers={'Date': 'Wed, 27 Jan 2021 21:19:04 GMT', 'Content-Type': 'application/json; charset=utf-8', 'Transfer-Encoding': 'chunked', 'Connection': 'keep-alive', 'Set-Cookie': '__cfduid=dee7fb4679793c54d1800767b3b61c2da1611782344; expires=Fri, 26-Feb-21 21:19:04 GMT; path=/; domain=.typicode.com; HttpOnly; SameSite=Lax', 'X-Powered-By': 'Express', 'X-Ratelimit-Limit': '1000', 'X-Ratelimit-Remaining': '999', 'X-Ratelimit-Reset': '1611432955', 'Vary': 'Origin, Accept-Encoding', 'Access-Control-Allow-Credentials': 'true', 'Cache-Control': 'max-age=43200', 'Pragma': 'no-cache', 'Expires': '-1', 'X-Content-Type-Options': 'nosniff', 'Etag': 'W/"5fe-SNRxXTWeTmW/Q4d2qiV3mieyWj8"', 'Content-Encoding': 'gzip', 'Via': '1.1 vegur', 'CF-Cache-Status': 'HIT', 'Age': '25717', 'cf-request-id': '07e74fe6cb0000cd0282a53000000001', 'Report-To': '{"group":"cf-nel","endpoints":[{"url":"https:\\/\\/a.nel.cloudflare.com\\/report?s=pJGnTU9%2FxfFjZn1BQR%2FrMm7rc5MHuIraCGlrs36MtiDKDHAACZsDbrVp8grBAsZQjnQyRkJTcqxtcbG%2F7b7C%2FBVk82%2BvSTHUX6f2bQH3krqWiaO3ihK%2F1c4%2BiugP"}],"max_age":604800}', 'NEL': '{"max_age":604800,"report_to":"cf-nel"}', 'Server': 'cloudflare', 'CF-RAY': '6185828478f2cd02-EWR'} 
 body=[
  {
    "postId": 2,
    "id": 6,
    "name": "et fugit eligendi deleniti quidem qui sint nihil autem",
    "email": "Presley.Mueller@myrl.com",
    "body": "doloribus at sed quis culpa deserunt consectetur qui praesentium\naccusamus fugiat dicta\nvoluptatem rerum ut voluptate autem\nvoluptatem repellendus aspernatur dolorem in"
  },
  {
    "postId": 2,
    "id": 7,
    "name": "repellat consequatur praesentium vel minus molestias voluptatum",
    "email": "Dallas@ole.me",
    "body": "maiores sed dolores similique labore et inventore et\nquasi temporibus esse sunt id et\neos voluptatem aliquam\naliquid ratione corporis molestiae mollitia quia et magnam dolor"
  },
  {
    "postId": 2,
    "id": 8,
    "name": "et omnis dolorem",
    "email": "Mallory_Kunze@marie.org",
    "body": "ut voluptatem corrupti velit\nad voluptatem maiores\net nisi velit vero accusamus maiores\nvoluptates quia aliquid ullam eaque"
  },
  {
    "postId": 2,
    "id": 9,
    "name": "provident id voluptas",
    "email": "Meghan_Littel@rene.us",
    "body": "sapiente assumenda molestiae atque\nadipisci laborum distinctio aperiam et ab ut omnis\net occaecati aspernatur odit sit rem expedita\nquas enim ipsam minus"
  },
  {
    "postId": 2,
    "id": 10,
    "name": "eaque et deleniti atque tenetur ut quo ut",
    "email": "Carmen_Keeling@caroline.name",
    "body": "voluptate iusto quis nobis reprehenderit ipsum amet nulla\nquia quas dolores velit et non\naut quia necessitatibus\nnostrum quaerat nulla et accusamus nisi facilis"
  }
] 
 </msg>
<msg timestamp="20210127 16:19:05.585" level="INFO">${response} = &lt;Response [200]&gt;</msg>
<status status="PASS" starttime="20210127 16:19:05.490" endtime="20210127 16:19:05.585"></status>
</kw>
<kw name="Validate_Headers" library="Resources">
<arguments>
<arg>${response}</arg>
</arguments>
<kw name="Get From Dictionary" library="Collections">
<doc>Returns a value from the given ``dictionary`` based on the given ``key``.</doc>
<arguments>
<arg>${response.headers}</arg>
<arg>Content-Type</arg>
</arguments>
<assign>
<var>${header_from_response}</var>
</assign>
<msg timestamp="20210127 16:19:05.587" level="INFO">${header_from_response} = application/json; charset=utf-8</msg>
<status status="PASS" starttime="20210127 16:19:05.586" endtime="20210127 16:19:05.587"></status>
</kw>
<kw name="Should Be Equal" library="BuiltIn">
<doc>Fails if the given objects are unequal.</doc>
<arguments>
<arg>${header_from_response}</arg>
<arg>application/json; charset=utf-8</arg>
</arguments>
<status status="PASS" starttime="20210127 16:19:05.587" endtime="20210127 16:19:05.587"></status>
</kw>
<kw name="Log To Console" library="BuiltIn">
<doc>Logs the given message to the console.</doc>
<arguments>
<arg>The Header contains Content-Type as applicarion/json.</arg>
</arguments>
<status status="PASS" starttime="20210127 16:19:05.587" endtime="20210127 16:19:05.588"></status>
</kw>
<status status="PASS" starttime="20210127 16:19:05.586" endtime="20210127 16:19:05.588"></status>
</kw>
<doc>This test case will validate the header in Get Response for the url /comments?postId=2</doc>
<tags>
<tag>APIValidation</tag>
</tags>
<status status="PASS" starttime="20210127 16:19:05.487" endtime="20210127 16:19:05.588" critical="yes"></status>
</test>
<test id="s1-s1-t2" name="TC_14_Validate_Status_Code">
<kw name="Create Session" library="RequestsLibrary">
<doc>Create Session: create a HTTP session to a server</doc>
<arguments>
<arg>GetSession</arg>
<arg>${Base_URL}</arg>
</arguments>
<msg timestamp="20210127 16:19:05.592" level="INFO">Creating Session using : alias=GetSession, url=http://jsonplaceholder.typicode.com, headers={},                     cookies={}, auth=None, timeout=None, proxies=None, verify=False,                     debug=0 </msg>
<status status="PASS" starttime="20210127 16:19:05.591" endtime="20210127 16:19:05.592"></status>
</kw>
<kw name="Create Dictionary" library="BuiltIn">
<doc>Creates and returns a dictionary based on the given ``items``.</doc>
<arguments>
<arg>postId=${Post_Id}</arg>
</arguments>
<assign>
<var>&amp;{param}</var>
</assign>
<msg timestamp="20210127 16:19:05.593" level="INFO">&amp;{param} = { postId=2 }</msg>
<status status="PASS" starttime="20210127 16:19:05.593" endtime="20210127 16:19:05.593"></status>
</kw>
<kw name="Get On Session" library="RequestsLibrary">
<doc>Sends a GET request on a previously created HTTP Session.</doc>
<arguments>
<arg>GetSession</arg>
<arg>/comments</arg>
<arg>params=${param}</arg>
</arguments>
<assign>
<var>${response}</var>
</assign>
<msg timestamp="20210127 16:19:05.665" level="INFO">GET Request : url=http://jsonplaceholder.typicode.com/comments?postId=2 
 path_url=/comments?postId=2 
 headers={'User-Agent': 'python-requests/2.25.1', 'Accept-Encoding': 'gzip, deflate', 'Accept': '*/*', 'Connection': 'keep-alive'} 
 body=None 
 </msg>
<msg timestamp="20210127 16:19:05.665" level="INFO">GET Response : url=http://jsonplaceholder.typicode.com/comments?postId=2 
 status=200, reason=OK 
 headers={'Date': 'Wed, 27 Jan 2021 21:19:04 GMT', 'Content-Type': 'application/json; charset=utf-8', 'Transfer-Encoding': 'chunked', 'Connection': 'keep-alive', 'Set-Cookie': '__cfduid=d0a1ad88085bee06fdb19d1201b8d4dcd1611782344; expires=Fri, 26-Feb-21 21:19:04 GMT; path=/; domain=.typicode.com; HttpOnly; SameSite=Lax', 'X-Powered-By': 'Express', 'X-Ratelimit-Limit': '1000', 'X-Ratelimit-Remaining': '999', 'X-Ratelimit-Reset': '1611432955', 'Vary': 'Origin, Accept-Encoding', 'Access-Control-Allow-Credentials': 'true', 'Cache-Control': 'max-age=43200', 'Pragma': 'no-cache', 'Expires': '-1', 'X-Content-Type-Options': 'nosniff', 'Etag': 'W/"5fe-SNRxXTWeTmW/Q4d2qiV3mieyWj8"', 'Content-Encoding': 'gzip', 'Via': '1.1 vegur', 'CF-Cache-Status': 'HIT', 'Age': '25717', 'cf-request-id': '07e74fe7130000e744a3a19000000001', 'Report-To': '{"endpoints":[{"url":"https:\\/\\/a.nel.cloudflare.com\\/report?s=FxAMVqnJj5%2FcSA3DjibtZXsIDi%2BBaEZzJv4%2BHXav9quZewoCkRTjGakgBv4QYX8UwLFlcjcL8eQ0Wq9OF9j6BMXdaZPXW3o8w9Bk4azno1QV8Cd428vCWHkbq3tj"}],"group":"cf-nel","max_age":604800}', 'NEL': '{"report_to":"cf-nel","max_age":604800}', 'Server': 'cloudflare', 'CF-RAY': '61858284ead6e744-EWR'} 
 body=[
  {
    "postId": 2,
    "id": 6,
    "name": "et fugit eligendi deleniti quidem qui sint nihil autem",
    "email": "Presley.Mueller@myrl.com",
    "body": "doloribus at sed quis culpa deserunt consectetur qui praesentium\naccusamus fugiat dicta\nvoluptatem rerum ut voluptate autem\nvoluptatem repellendus aspernatur dolorem in"
  },
  {
    "postId": 2,
    "id": 7,
    "name": "repellat consequatur praesentium vel minus molestias voluptatum",
    "email": "Dallas@ole.me",
    "body": "maiores sed dolores similique labore et inventore et\nquasi temporibus esse sunt id et\neos voluptatem aliquam\naliquid ratione corporis molestiae mollitia quia et magnam dolor"
  },
  {
    "postId": 2,
    "id": 8,
    "name": "et omnis dolorem",
    "email": "Mallory_Kunze@marie.org",
    "body": "ut voluptatem corrupti velit\nad voluptatem maiores\net nisi velit vero accusamus maiores\nvoluptates quia aliquid ullam eaque"
  },
  {
    "postId": 2,
    "id": 9,
    "name": "provident id voluptas",
    "email": "Meghan_Littel@rene.us",
    "body": "sapiente assumenda molestiae atque\nadipisci laborum distinctio aperiam et ab ut omnis\net occaecati aspernatur odit sit rem expedita\nquas enim ipsam minus"
  },
  {
    "postId": 2,
    "id": 10,
    "name": "eaque et deleniti atque tenetur ut quo ut",
    "email": "Carmen_Keeling@caroline.name",
    "body": "voluptate iusto quis nobis reprehenderit ipsum amet nulla\nquia quas dolores velit et non\naut quia necessitatibus\nnostrum quaerat nulla et accusamus nisi facilis"
  }
] 
 </msg>
<msg timestamp="20210127 16:19:05.666" level="INFO">${response} = &lt;Response [200]&gt;</msg>
<status status="PASS" starttime="20210127 16:19:05.594" endtime="20210127 16:19:05.666"></status>
</kw>
<kw name="Validate_StatusCode" library="Resources">
<arguments>
<arg>${response}</arg>
</arguments>
<kw name="Convert To String" library="BuiltIn">
<doc>Converts the given item to a Unicode string.</doc>
<arguments>
<arg>${response.status_code}</arg>
</arguments>
<assign>
<var>${status_code_string}</var>
</assign>
<msg timestamp="20210127 16:19:05.668" level="INFO">${status_code_string} = 200</msg>
<status status="PASS" starttime="20210127 16:19:05.667" endtime="20210127 16:19:05.668"></status>
</kw>
<kw name="Should Be Equal" library="BuiltIn">
<doc>Fails if the given objects are unequal.</doc>
<arguments>
<arg>${status_code_string}</arg>
<arg>200</arg>
</arguments>
<status status="PASS" starttime="20210127 16:19:05.668" endtime="20210127 16:19:05.668"></status>
</kw>
<kw name="Log To Console" library="BuiltIn">
<doc>Logs the given message to the console.</doc>
<arguments>
<arg>The status code is verified.</arg>
</arguments>
<status status="PASS" starttime="20210127 16:19:05.668" endtime="20210127 16:19:05.669"></status>
</kw>
<status status="PASS" starttime="20210127 16:19:05.667" endtime="20210127 16:19:05.669"></status>
</kw>
<doc>This test case will validate the Status_code in Get Response for the url /comments?postId=2</doc>
<tags>
<tag>APIValidation</tag>
</tags>
<status status="PASS" starttime="20210127 16:19:05.590" endtime="20210127 16:19:05.670" critical="yes"></status>
</test>
<test id="s1-s1-t3" name="TC_15_Validate_Cookies">
<kw name="Create Session" library="RequestsLibrary">
<doc>Create Session: create a HTTP session to a server</doc>
<arguments>
<arg>GetSession</arg>
<arg>${Base_URL}</arg>
</arguments>
<msg timestamp="20210127 16:19:05.673" level="INFO">Creating Session using : alias=GetSession, url=http://jsonplaceholder.typicode.com, headers={},                     cookies={}, auth=None, timeout=None, proxies=None, verify=False,                     debug=0 </msg>
<status status="PASS" starttime="20210127 16:19:05.673" endtime="20210127 16:19:05.673"></status>
</kw>
<kw name="Create Dictionary" library="BuiltIn">
<doc>Creates and returns a dictionary based on the given ``items``.</doc>
<arguments>
<arg>postId=${Post_Id}</arg>
</arguments>
<assign>
<var>&amp;{param}</var>
</assign>
<msg timestamp="20210127 16:19:05.674" level="INFO">&amp;{param} = { postId=2 }</msg>
<status status="PASS" starttime="20210127 16:19:05.674" endtime="20210127 16:19:05.674"></status>
</kw>
<kw name="Get On Session" library="RequestsLibrary">
<doc>Sends a GET request on a previously created HTTP Session.</doc>
<arguments>
<arg>GetSession</arg>
<arg>/comments</arg>
<arg>params=${param}</arg>
</arguments>
<assign>
<var>${response}</var>
</assign>
<msg timestamp="20210127 16:19:05.742" level="INFO">GET Request : url=http://jsonplaceholder.typicode.com/comments?postId=2 
 path_url=/comments?postId=2 
 headers={'User-Agent': 'python-requests/2.25.1', 'Accept-Encoding': 'gzip, deflate', 'Accept': '*/*', 'Connection': 'keep-alive'} 
 body=None 
 </msg>
<msg timestamp="20210127 16:19:05.742" level="INFO">GET Response : url=http://jsonplaceholder.typicode.com/comments?postId=2 
 status=200, reason=OK 
 headers={'Date': 'Wed, 27 Jan 2021 21:19:04 GMT', 'Content-Type': 'application/json; charset=utf-8', 'Transfer-Encoding': 'chunked', 'Connection': 'keep-alive', 'Set-Cookie': '__cfduid=d88343df879bb146f746cabcfd9cfc8821611782344; expires=Fri, 26-Feb-21 21:19:04 GMT; path=/; domain=.typicode.com; HttpOnly; SameSite=Lax', 'X-Powered-By': 'Express', 'X-Ratelimit-Limit': '1000', 'X-Ratelimit-Remaining': '999', 'X-Ratelimit-Reset': '1611432955', 'Vary': 'Origin, Accept-Encoding', 'Access-Control-Allow-Credentials': 'true', 'Cache-Control': 'max-age=43200', 'Pragma': 'no-cache', 'Expires': '-1', 'X-Content-Type-Options': 'nosniff', 'Etag': 'W/"5fe-SNRxXTWeTmW/Q4d2qiV3mieyWj8"', 'Content-Encoding': 'gzip', 'Via': '1.1 vegur', 'CF-Cache-Status': 'HIT', 'Age': '25717', 'cf-request-id': '07e74fe7650000f011691ac000000001', 'Report-To': '{"max_age":604800,"group":"cf-nel","endpoints":[{"url":"https:\\/\\/a.nel.cloudflare.com\\/report?s=PZaKBM61AsdKBYZPvwOPgB%2Fbzkdnxs5fqq4msl1y9l0pRooBzaZVBVKblwkxKm3jAGp3jhWcfFHGGQfQgGsmslSiWUrUGck4Vc%2Buh84U%2BIPuHswtLaZh9EzrYSUR"}]}', 'NEL': '{"report_to":"cf-nel","max_age":604800}', 'Server': 'cloudflare', 'CF-RAY': '618582856fb7f011-EWR'} 
 body=[
  {
    "postId": 2,
    "id": 6,
    "name": "et fugit eligendi deleniti quidem qui sint nihil autem",
    "email": "Presley.Mueller@myrl.com",
    "body": "doloribus at sed quis culpa deserunt consectetur qui praesentium\naccusamus fugiat dicta\nvoluptatem rerum ut voluptate autem\nvoluptatem repellendus aspernatur dolorem in"
  },
  {
    "postId": 2,
    "id": 7,
    "name": "repellat consequatur praesentium vel minus molestias voluptatum",
    "email": "Dallas@ole.me",
    "body": "maiores sed dolores similique labore et inventore et\nquasi temporibus esse sunt id et\neos voluptatem aliquam\naliquid ratione corporis molestiae mollitia quia et magnam dolor"
  },
  {
    "postId": 2,
    "id": 8,
    "name": "et omnis dolorem",
    "email": "Mallory_Kunze@marie.org",
    "body": "ut voluptatem corrupti velit\nad voluptatem maiores\net nisi velit vero accusamus maiores\nvoluptates quia aliquid ullam eaque"
  },
  {
    "postId": 2,
    "id": 9,
    "name": "provident id voluptas",
    "email": "Meghan_Littel@rene.us",
    "body": "sapiente assumenda molestiae atque\nadipisci laborum distinctio aperiam et ab ut omnis\net occaecati aspernatur odit sit rem expedita\nquas enim ipsam minus"
  },
  {
    "postId": 2,
    "id": 10,
    "name": "eaque et deleniti atque tenetur ut quo ut",
    "email": "Carmen_Keeling@caroline.name",
    "body": "voluptate iusto quis nobis reprehenderit ipsum amet nulla\nquia quas dolores velit et non\naut quia necessitatibus\nnostrum quaerat nulla et accusamus nisi facilis"
  }
] 
 </msg>
<msg timestamp="20210127 16:19:05.743" level="INFO">${response} = &lt;Response [200]&gt;</msg>
<status status="PASS" starttime="20210127 16:19:05.675" endtime="20210127 16:19:05.743"></status>
</kw>
<kw name="Validate_Cookies" library="Resources">
<arguments>
<arg>${response}</arg>
</arguments>
<kw name="Get From Dictionary" library="Collections">
<doc>Returns a value from the given ``dictionary`` based on the given ``key``.</doc>
<arguments>
<arg>${response.cookies}</arg>
<arg>__cfduid</arg>
</arguments>
<assign>
<var>${cookie_value}</var>
</assign>
<msg timestamp="20210127 16:19:05.745" level="INFO">${cookie_value} = d88343df879bb146f746cabcfd9cfc8821611782344</msg>
<status status="PASS" starttime="20210127 16:19:05.744" endtime="20210127 16:19:05.745"></status>
</kw>
<kw name="Log To Console" library="BuiltIn">
<doc>Logs the given message to the console.</doc>
<arguments>
<arg>The cookie value is: ${cookie_value}</arg>
</arguments>
<status status="PASS" starttime="20210127 16:19:05.745" endtime="20210127 16:19:05.745"></status>
</kw>
<status status="PASS" starttime="20210127 16:19:05.744" endtime="20210127 16:19:05.745"></status>
</kw>
<doc>This test case will validate the Cookie in Get Response for the url /comments?postId=2</doc>
<tags>
<tag>APIValidation</tag>
</tags>
<status status="PASS" starttime="20210127 16:19:05.671" endtime="20210127 16:19:05.746" critical="yes"></status>
</test>
<test id="s1-s1-t4" name="TC_16_Validate_Response">
<kw name="Create Session" library="RequestsLibrary">
<doc>Create Session: create a HTTP session to a server</doc>
<arguments>
<arg>GetSession</arg>
<arg>${Base_URL}</arg>
</arguments>
<msg timestamp="20210127 16:19:05.749" level="INFO">Creating Session using : alias=GetSession, url=http://jsonplaceholder.typicode.com, headers={},                     cookies={}, auth=None, timeout=None, proxies=None, verify=False,                     debug=0 </msg>
<status status="PASS" starttime="20210127 16:19:05.749" endtime="20210127 16:19:05.750"></status>
</kw>
<kw name="Create Dictionary" library="BuiltIn">
<doc>Creates and returns a dictionary based on the given ``items``.</doc>
<arguments>
<arg>postId=${Post_Id}</arg>
</arguments>
<assign>
<var>&amp;{param}</var>
</assign>
<msg timestamp="20210127 16:19:05.751" level="INFO">&amp;{param} = { postId=2 }</msg>
<status status="PASS" starttime="20210127 16:19:05.750" endtime="20210127 16:19:05.751"></status>
</kw>
<kw name="Get On Session" library="RequestsLibrary">
<doc>Sends a GET request on a previously created HTTP Session.</doc>
<arguments>
<arg>GetSession</arg>
<arg>/comments</arg>
<arg>params=${param}</arg>
</arguments>
<assign>
<var>${response}</var>
</assign>
<msg timestamp="20210127 16:19:05.808" level="INFO">GET Request : url=http://jsonplaceholder.typicode.com/comments?postId=2 
 path_url=/comments?postId=2 
 headers={'User-Agent': 'python-requests/2.25.1', 'Accept-Encoding': 'gzip, deflate', 'Accept': '*/*', 'Connection': 'keep-alive'} 
 body=None 
 </msg>
<msg timestamp="20210127 16:19:05.808" level="INFO">GET Response : url=http://jsonplaceholder.typicode.com/comments?postId=2 
 status=200, reason=OK 
 headers={'Date': 'Wed, 27 Jan 2021 21:19:04 GMT', 'Content-Type': 'application/json; charset=utf-8', 'Transfer-Encoding': 'chunked', 'Connection': 'keep-alive', 'Set-Cookie': '__cfduid=d54d4626d1071fc929e1d4f6448b866341611782344; expires=Fri, 26-Feb-21 21:19:04 GMT; path=/; domain=.typicode.com; HttpOnly; SameSite=Lax', 'X-Powered-By': 'Express', 'X-Ratelimit-Limit': '1000', 'X-Ratelimit-Remaining': '999', 'X-Ratelimit-Reset': '1611432955', 'Vary': 'Origin, Accept-Encoding', 'Access-Control-Allow-Credentials': 'true', 'Cache-Control': 'max-age=43200', 'Pragma': 'no-cache', 'Expires': '-1', 'X-Content-Type-Options': 'nosniff', 'Etag': 'W/"5fe-SNRxXTWeTmW/Q4d2qiV3mieyWj8"', 'Content-Encoding': 'gzip', 'Via': '1.1 vegur', 'CF-Cache-Status': 'HIT', 'Age': '25717', 'cf-request-id': '07e74fe7ac0000ccfa18870000000001', 'Report-To': '{"group":"cf-nel","max_age":604800,"endpoints":[{"url":"https:\\/\\/a.nel.cloudflare.com\\/report?s=97H7lsT07Mq%2FFwoKLA1ktEJAVqbggX4A3BRH4NZGW9msSnIUuCsyVZxBapravInriL5x%2FDk7Xf1tPHko3P9nqcD%2F5LQIthPliYLqHf2jECuU1IkE9koAZgDM6Xx1"}]}', 'NEL': '{"report_to":"cf-nel","max_age":604800}', 'Server': 'cloudflare', 'CF-RAY': '61858285e9e4ccfa-EWR'} 
 body=[
  {
    "postId": 2,
    "id": 6,
    "name": "et fugit eligendi deleniti quidem qui sint nihil autem",
    "email": "Presley.Mueller@myrl.com",
    "body": "doloribus at sed quis culpa deserunt consectetur qui praesentium\naccusamus fugiat dicta\nvoluptatem rerum ut voluptate autem\nvoluptatem repellendus aspernatur dolorem in"
  },
  {
    "postId": 2,
    "id": 7,
    "name": "repellat consequatur praesentium vel minus molestias voluptatum",
    "email": "Dallas@ole.me",
    "body": "maiores sed dolores similique labore et inventore et\nquasi temporibus esse sunt id et\neos voluptatem aliquam\naliquid ratione corporis molestiae mollitia quia et magnam dolor"
  },
  {
    "postId": 2,
    "id": 8,
    "name": "et omnis dolorem",
    "email": "Mallory_Kunze@marie.org",
    "body": "ut voluptatem corrupti velit\nad voluptatem maiores\net nisi velit vero accusamus maiores\nvoluptates quia aliquid ullam eaque"
  },
  {
    "postId": 2,
    "id": 9,
    "name": "provident id voluptas",
    "email": "Meghan_Littel@rene.us",
    "body": "sapiente assumenda molestiae atque\nadipisci laborum distinctio aperiam et ab ut omnis\net occaecati aspernatur odit sit rem expedita\nquas enim ipsam minus"
  },
  {
    "postId": 2,
    "id": 10,
    "name": "eaque et deleniti atque tenetur ut quo ut",
    "email": "Carmen_Keeling@caroline.name",
    "body": "voluptate iusto quis nobis reprehenderit ipsum amet nulla\nquia quas dolores velit et non\naut quia necessitatibus\nnostrum quaerat nulla et accusamus nisi facilis"
  }
] 
 </msg>
<msg timestamp="20210127 16:19:05.808" level="INFO">${response} = &lt;Response [200]&gt;</msg>
<status status="PASS" starttime="20210127 16:19:05.752" endtime="20210127 16:19:05.808"></status>
</kw>
<kw name="Response_log" library="Resources">
<arguments>
<arg>${response}</arg>
</arguments>
<kw name="Log To Console" library="BuiltIn">
<doc>Logs the given message to the console.</doc>
<arguments>
<arg>${response.content}</arg>
</arguments>
<status status="PASS" starttime="20210127 16:19:05.810" endtime="20210127 16:19:05.812"></status>
</kw>
<kw name="Log To Console" library="BuiltIn">
<doc>Logs the given message to the console.</doc>
<arguments>
<arg>${response.status_code}</arg>
</arguments>
<status status="PASS" starttime="20210127 16:19:05.812" endtime="20210127 16:19:05.813"></status>
</kw>
<kw name="Log To Console" library="BuiltIn">
<doc>Logs the given message to the console.</doc>
<arguments>
<arg>${response.headers}</arg>
</arguments>
<status status="PASS" starttime="20210127 16:19:05.813" endtime="20210127 16:19:05.814"></status>
</kw>
<kw name="Log To Console" library="BuiltIn">
<doc>Logs the given message to the console.</doc>
<arguments>
<arg>${response.cookies}</arg>
</arguments>
<status status="PASS" starttime="20210127 16:19:05.814" endtime="20210127 16:19:05.815"></status>
</kw>
<status status="PASS" starttime="20210127 16:19:05.809" endtime="20210127 16:19:05.815"></status>
</kw>
<kw name="Convert String to JSON" library="JSONLibrary">
<doc>Convert String to JSON object</doc>
<arguments>
<arg>${response.content}</arg>
</arguments>
<assign>
<var>${json}</var>
</assign>
<msg timestamp="20210127 16:19:05.817" level="INFO">${json} = [{'postId': 2, 'id': 6, 'name': 'et fugit eligendi deleniti quidem qui sint nihil autem', 'email': 'Presley.Mueller@myrl.com', 'body': 'doloribus at sed quis culpa deserunt consectetur qui praesentium...</msg>
<status status="PASS" starttime="20210127 16:19:05.816" endtime="20210127 16:19:05.817"></status>
</kw>
<kw name="Log To Console" library="BuiltIn">
<doc>Logs the given message to the console.</doc>
<arguments>
<arg>${json}</arg>
</arguments>
<status status="PASS" starttime="20210127 16:19:05.822" endtime="20210127 16:19:05.824"></status>
</kw>
<kw name="Get Value From Json" library="JSONLibrary">
<doc>Get Value From JSON using JSONPath</doc>
<arguments>
<arg>${json}</arg>
<arg>$[?(@.id)].id</arg>
</arguments>
<assign>
<var>@{Id_list}</var>
</assign>
<msg timestamp="20210127 16:19:05.878" level="INFO">@{Id_list} = [ 6 | 7 | 8 | 9 | 10 ]</msg>
<status status="PASS" starttime="20210127 16:19:05.825" endtime="20210127 16:19:05.878"></status>
</kw>
<kw name="Log To Console" library="BuiltIn">
<doc>Logs the given message to the console.</doc>
<arguments>
<arg>${Id_list}</arg>
</arguments>
<status status="PASS" starttime="20210127 16:19:05.879" endtime="20210127 16:19:05.880"></status>
</kw>
<kw name="Get Length" library="BuiltIn">
<doc>Returns and logs the length of the given item as an integer.</doc>
<arguments>
<arg>${Id_list}</arg>
</arguments>
<assign>
<var>${length}</var>
</assign>
<msg timestamp="20210127 16:19:05.881" level="INFO">Length is 5</msg>
<msg timestamp="20210127 16:19:05.882" level="INFO">${length} = 5</msg>
<status status="PASS" starttime="20210127 16:19:05.881" endtime="20210127 16:19:05.882"></status>
</kw>
<kw name="Log To Console" library="BuiltIn">
<doc>Logs the given message to the console.</doc>
<arguments>
<arg>The length of the json,counting by id is : ${length}</arg>
</arguments>
<status status="PASS" starttime="20210127 16:19:05.884" endtime="20210127 16:19:05.885"></status>
</kw>
<kw name="${item} IN [ @{json} ]" type="for">
<kw name="${item} = {'postId': 2, 'id': 6, 'name': 'et fugit eligendi deleniti quidem qui sint nihil autem', 'email': 'Presley.Mueller@myrl.com', 'body': 'doloribus at sed quis culpa deserunt consectetur qui praesentium\..." type="foritem">
<kw name="Log To Console" library="BuiltIn">
<doc>Logs the given message to the console.</doc>
<arguments>
<arg>to console</arg>
<arg>Value of item is : ${item}</arg>
</arguments>
<status status="PASS" starttime="20210127 16:19:05.886" endtime="20210127 16:19:05.887"></status>
</kw>
<kw name="Set Variable" library="BuiltIn">
<doc>Returns the given values which can then be assigned to a variables.</doc>
<arguments>
<arg>${item['postId']}</arg>
</arguments>
<assign>
<var>${get_postId}</var>
</assign>
<msg timestamp="20210127 16:19:05.887" level="INFO">${get_postId} = 2</msg>
<status status="PASS" starttime="20210127 16:19:05.887" endtime="20210127 16:19:05.887"></status>
</kw>
<kw name="Set Variable" library="BuiltIn">
<doc>Returns the given values which can then be assigned to a variables.</doc>
<arguments>
<arg>${item['id']}</arg>
</arguments>
<assign>
<var>${get_id}</var>
</assign>
<msg timestamp="20210127 16:19:05.888" level="INFO">${get_id} = 6</msg>
<status status="PASS" starttime="20210127 16:19:05.887" endtime="20210127 16:19:05.888"></status>
</kw>
<kw name="Set Variable" library="BuiltIn">
<doc>Returns the given values which can then be assigned to a variables.</doc>
<arguments>
<arg>${item['name']}</arg>
</arguments>
<assign>
<var>${get_name}</var>
</assign>
<msg timestamp="20210127 16:19:05.888" level="INFO">${get_name} = et fugit eligendi deleniti quidem qui sint nihil autem</msg>
<status status="PASS" starttime="20210127 16:19:05.888" endtime="20210127 16:19:05.888"></status>
</kw>
<kw name="Set Variable" library="BuiltIn">
<doc>Returns the given values which can then be assigned to a variables.</doc>
<arguments>
<arg>${item['email']}</arg>
</arguments>
<assign>
<var>${get_email}</var>
</assign>
<msg timestamp="20210127 16:19:05.889" level="INFO">${get_email} = Presley.Mueller@myrl.com</msg>
<status status="PASS" starttime="20210127 16:19:05.888" endtime="20210127 16:19:05.889"></status>
</kw>
<kw name="Set Variable" library="BuiltIn">
<doc>Returns the given values which can then be assigned to a variables.</doc>
<arguments>
<arg>${item['body']}</arg>
</arguments>
<assign>
<var>${get_body}</var>
</assign>
<msg timestamp="20210127 16:19:05.889" level="INFO">${get_body} = doloribus at sed quis culpa deserunt consectetur qui praesentium
accusamus fugiat dicta
voluptatem rerum ut voluptate autem
voluptatem repellendus aspernatur dolorem in</msg>
<status status="PASS" starttime="20210127 16:19:05.889" endtime="20210127 16:19:05.889"></status>
</kw>
<kw name="Log To Console" library="BuiltIn">
<doc>Logs the given message to the console.</doc>
<arguments>
<arg>${get_postId} | ${get_id} | ${get_name} | ${get_email} | ${get_body}</arg>
</arguments>
<status status="PASS" starttime="20210127 16:19:05.889" endtime="20210127 16:19:05.890"></status>
</kw>
<kw name="Run Keyword If" library="BuiltIn">
<doc>Runs the given keyword with the given arguments, if ``condition`` is true.</doc>
<arguments>
<arg>"${get_postId}"=="${EMPTY}"</arg>
<arg>log to console</arg>
<arg>Warning : Post ID is Empty</arg>
</arguments>
<status status="PASS" starttime="20210127 16:19:05.890" endtime="20210127 16:19:05.890"></status>
</kw>
<kw name="Run Keyword If" library="BuiltIn">
<doc>Runs the given keyword with the given arguments, if ``condition`` is true.</doc>
<arguments>
<arg>"${get_id}"=="${EMPTY}"</arg>
<arg>log to console</arg>
<arg>Warning : ID is Empty</arg>
</arguments>
<status status="PASS" starttime="20210127 16:19:05.890" endtime="20210127 16:19:05.891"></status>
</kw>
<kw name="Run Keyword If" library="BuiltIn">
<doc>Runs the given keyword with the given arguments, if ``condition`` is true.</doc>
<arguments>
<arg>"${get_name}"=="${EMPTY}"</arg>
<arg>log to console</arg>
<arg>Warning : Title is Empty</arg>
</arguments>
<status status="PASS" starttime="20210127 16:19:05.891" endtime="20210127 16:19:05.891"></status>
</kw>
<kw name="Run Keyword If" library="BuiltIn">
<doc>Runs the given keyword with the given arguments, if ``condition`` is true.</doc>
<arguments>
<arg>"${get_email}"=="${EMPTY}"</arg>
<arg>log to console</arg>
<arg>Warning : User ID is Empty</arg>
</arguments>
<status status="PASS" starttime="20210127 16:19:05.891" endtime="20210127 16:19:05.891"></status>
</kw>
<kw name="Log To Console" library="BuiltIn">
<doc>Logs the given message to the console.</doc>
<arguments>
<arg>Validation is done for the keys in Response.</arg>
</arguments>
<status status="PASS" starttime="20210127 16:19:05.892" endtime="20210127 16:19:05.892"></status>
</kw>
<status status="PASS" starttime="20210127 16:19:05.886" endtime="20210127 16:19:05.892"></status>
</kw>
<kw name="${item} = {'postId': 2, 'id': 7, 'name': 'repellat consequatur praesentium vel minus molestias voluptatum', 'email': 'Dallas@ole.me', 'body': 'maiores sed dolores similique labore et inventore et\nquasi tempori..." type="foritem">
<kw name="Log To Console" library="BuiltIn">
<doc>Logs the given message to the console.</doc>
<arguments>
<arg>to console</arg>
<arg>Value of item is : ${item}</arg>
</arguments>
<status status="PASS" starttime="20210127 16:19:05.892" endtime="20210127 16:19:05.893"></status>
</kw>
<kw name="Set Variable" library="BuiltIn">
<doc>Returns the given values which can then be assigned to a variables.</doc>
<arguments>
<arg>${item['postId']}</arg>
</arguments>
<assign>
<var>${get_postId}</var>
</assign>
<msg timestamp="20210127 16:19:05.893" level="INFO">${get_postId} = 2</msg>
<status status="PASS" starttime="20210127 16:19:05.893" endtime="20210127 16:19:05.893"></status>
</kw>
<kw name="Set Variable" library="BuiltIn">
<doc>Returns the given values which can then be assigned to a variables.</doc>
<arguments>
<arg>${item['id']}</arg>
</arguments>
<assign>
<var>${get_id}</var>
</assign>
<msg timestamp="20210127 16:19:05.894" level="INFO">${get_id} = 7</msg>
<status status="PASS" starttime="20210127 16:19:05.893" endtime="20210127 16:19:05.894"></status>
</kw>
<kw name="Set Variable" library="BuiltIn">
<doc>Returns the given values which can then be assigned to a variables.</doc>
<arguments>
<arg>${item['name']}</arg>
</arguments>
<assign>
<var>${get_name}</var>
</assign>
<msg timestamp="20210127 16:19:05.894" level="INFO">${get_name} = repellat consequatur praesentium vel minus molestias voluptatum</msg>
<status status="PASS" starttime="20210127 16:19:05.894" endtime="20210127 16:19:05.894"></status>
</kw>
<kw name="Set Variable" library="BuiltIn">
<doc>Returns the given values which can then be assigned to a variables.</doc>
<arguments>
<arg>${item['email']}</arg>
</arguments>
<assign>
<var>${get_email}</var>
</assign>
<msg timestamp="20210127 16:19:05.895" level="INFO">${get_email} = Dallas@ole.me</msg>
<status status="PASS" starttime="20210127 16:19:05.894" endtime="20210127 16:19:05.895"></status>
</kw>
<kw name="Set Variable" library="BuiltIn">
<doc>Returns the given values which can then be assigned to a variables.</doc>
<arguments>
<arg>${item['body']}</arg>
</arguments>
<assign>
<var>${get_body}</var>
</assign>
<msg timestamp="20210127 16:19:05.896" level="INFO">${get_body} = maiores sed dolores similique labore et inventore et
quasi temporibus esse sunt id et
eos voluptatem aliquam
aliquid ratione corporis molestiae mollitia quia et magnam dolor</msg>
<status status="PASS" starttime="20210127 16:19:05.895" endtime="20210127 16:19:05.896"></status>
</kw>
<kw name="Log To Console" library="BuiltIn">
<doc>Logs the given message to the console.</doc>
<arguments>
<arg>${get_postId} | ${get_id} | ${get_name} | ${get_email} | ${get_body}</arg>
</arguments>
<status status="PASS" starttime="20210127 16:19:05.896" endtime="20210127 16:19:05.897"></status>
</kw>
<kw name="Run Keyword If" library="BuiltIn">
<doc>Runs the given keyword with the given arguments, if ``condition`` is true.</doc>
<arguments>
<arg>"${get_postId}"=="${EMPTY}"</arg>
<arg>log to console</arg>
<arg>Warning : Post ID is Empty</arg>
</arguments>
<status status="PASS" starttime="20210127 16:19:05.897" endtime="20210127 16:19:05.897"></status>
</kw>
<kw name="Run Keyword If" library="BuiltIn">
<doc>Runs the given keyword with the given arguments, if ``condition`` is true.</doc>
<arguments>
<arg>"${get_id}"=="${EMPTY}"</arg>
<arg>log to console</arg>
<arg>Warning : ID is Empty</arg>
</arguments>
<status status="PASS" starttime="20210127 16:19:05.897" endtime="20210127 16:19:05.898"></status>
</kw>
<kw name="Run Keyword If" library="BuiltIn">
<doc>Runs the given keyword with the given arguments, if ``condition`` is true.</doc>
<arguments>
<arg>"${get_name}"=="${EMPTY}"</arg>
<arg>log to console</arg>
<arg>Warning : Title is Empty</arg>
</arguments>
<status status="PASS" starttime="20210127 16:19:05.898" endtime="20210127 16:19:05.898"></status>
</kw>
<kw name="Run Keyword If" library="BuiltIn">
<doc>Runs the given keyword with the given arguments, if ``condition`` is true.</doc>
<arguments>
<arg>"${get_email}"=="${EMPTY}"</arg>
<arg>log to console</arg>
<arg>Warning : User ID is Empty</arg>
</arguments>
<status status="PASS" starttime="20210127 16:19:05.898" endtime="20210127 16:19:05.898"></status>
</kw>
<kw name="Log To Console" library="BuiltIn">
<doc>Logs the given message to the console.</doc>
<arguments>
<arg>Validation is done for the keys in Response.</arg>
</arguments>
<status status="PASS" starttime="20210127 16:19:05.899" endtime="20210127 16:19:05.899"></status>
</kw>
<status status="PASS" starttime="20210127 16:19:05.892" endtime="20210127 16:19:05.899"></status>
</kw>
<kw name="${item} = {'postId': 2, 'id': 8, 'name': 'et omnis dolorem', 'email': 'Mallory_Kunze@marie.org', 'body': 'ut voluptatem corrupti velit\nad voluptatem maiores\net nisi velit vero accusamus maiores\nvoluptates qu..." type="foritem">
<kw name="Log To Console" library="BuiltIn">
<doc>Logs the given message to the console.</doc>
<arguments>
<arg>to console</arg>
<arg>Value of item is : ${item}</arg>
</arguments>
<status status="PASS" starttime="20210127 16:19:05.899" endtime="20210127 16:19:05.899"></status>
</kw>
<kw name="Set Variable" library="BuiltIn">
<doc>Returns the given values which can then be assigned to a variables.</doc>
<arguments>
<arg>${item['postId']}</arg>
</arguments>
<assign>
<var>${get_postId}</var>
</assign>
<msg timestamp="20210127 16:19:05.900" level="INFO">${get_postId} = 2</msg>
<status status="PASS" starttime="20210127 16:19:05.899" endtime="20210127 16:19:05.900"></status>
</kw>
<kw name="Set Variable" library="BuiltIn">
<doc>Returns the given values which can then be assigned to a variables.</doc>
<arguments>
<arg>${item['id']}</arg>
</arguments>
<assign>
<var>${get_id}</var>
</assign>
<msg timestamp="20210127 16:19:05.900" level="INFO">${get_id} = 8</msg>
<status status="PASS" starttime="20210127 16:19:05.900" endtime="20210127 16:19:05.900"></status>
</kw>
<kw name="Set Variable" library="BuiltIn">
<doc>Returns the given values which can then be assigned to a variables.</doc>
<arguments>
<arg>${item['name']}</arg>
</arguments>
<assign>
<var>${get_name}</var>
</assign>
<msg timestamp="20210127 16:19:05.901" level="INFO">${get_name} = et omnis dolorem</msg>
<status status="PASS" starttime="20210127 16:19:05.901" endtime="20210127 16:19:05.901"></status>
</kw>
<kw name="Set Variable" library="BuiltIn">
<doc>Returns the given values which can then be assigned to a variables.</doc>
<arguments>
<arg>${item['email']}</arg>
</arguments>
<assign>
<var>${get_email}</var>
</assign>
<msg timestamp="20210127 16:19:05.901" level="INFO">${get_email} = Mallory_Kunze@marie.org</msg>
<status status="PASS" starttime="20210127 16:19:05.901" endtime="20210127 16:19:05.901"></status>
</kw>
<kw name="Set Variable" library="BuiltIn">
<doc>Returns the given values which can then be assigned to a variables.</doc>
<arguments>
<arg>${item['body']}</arg>
</arguments>
<assign>
<var>${get_body}</var>
</assign>
<msg timestamp="20210127 16:19:05.902" level="INFO">${get_body} = ut voluptatem corrupti velit
ad voluptatem maiores
et nisi velit vero accusamus maiores
voluptates quia aliquid ullam eaque</msg>
<status status="PASS" starttime="20210127 16:19:05.902" endtime="20210127 16:19:05.902"></status>
</kw>
<kw name="Log To Console" library="BuiltIn">
<doc>Logs the given message to the console.</doc>
<arguments>
<arg>${get_postId} | ${get_id} | ${get_name} | ${get_email} | ${get_body}</arg>
</arguments>
<status status="PASS" starttime="20210127 16:19:05.902" endtime="20210127 16:19:05.904"></status>
</kw>
<kw name="Run Keyword If" library="BuiltIn">
<doc>Runs the given keyword with the given arguments, if ``condition`` is true.</doc>
<arguments>
<arg>"${get_postId}"=="${EMPTY}"</arg>
<arg>log to console</arg>
<arg>Warning : Post ID is Empty</arg>
</arguments>
<status status="PASS" starttime="20210127 16:19:05.904" endtime="20210127 16:19:05.904"></status>
</kw>
<kw name="Run Keyword If" library="BuiltIn">
<doc>Runs the given keyword with the given arguments, if ``condition`` is true.</doc>
<arguments>
<arg>"${get_id}"=="${EMPTY}"</arg>
<arg>log to console</arg>
<arg>Warning : ID is Empty</arg>
</arguments>
<status status="PASS" starttime="20210127 16:19:05.904" endtime="20210127 16:19:05.905"></status>
</kw>
<kw name="Run Keyword If" library="BuiltIn">
<doc>Runs the given keyword with the given arguments, if ``condition`` is true.</doc>
<arguments>
<arg>"${get_name}"=="${EMPTY}"</arg>
<arg>log to console</arg>
<arg>Warning : Title is Empty</arg>
</arguments>
<status status="PASS" starttime="20210127 16:19:05.905" endtime="20210127 16:19:05.905"></status>
</kw>
<kw name="Run Keyword If" library="BuiltIn">
<doc>Runs the given keyword with the given arguments, if ``condition`` is true.</doc>
<arguments>
<arg>"${get_email}"=="${EMPTY}"</arg>
<arg>log to console</arg>
<arg>Warning : User ID is Empty</arg>
</arguments>
<status status="PASS" starttime="20210127 16:19:05.905" endtime="20210127 16:19:05.906"></status>
</kw>
<kw name="Log To Console" library="BuiltIn">
<doc>Logs the given message to the console.</doc>
<arguments>
<arg>Validation is done for the keys in Response.</arg>
</arguments>
<status status="PASS" starttime="20210127 16:19:05.906" endtime="20210127 16:19:05.906"></status>
</kw>
<status status="PASS" starttime="20210127 16:19:05.899" endtime="20210127 16:19:05.906"></status>
</kw>
<kw name="${item} = {'postId': 2, 'id': 9, 'name': 'provident id voluptas', 'email': 'Meghan_Littel@rene.us', 'body': 'sapiente assumenda molestiae atque\nadipisci laborum distinctio aperiam et ab ut omnis\net occaecati ..." type="foritem">
<kw name="Log To Console" library="BuiltIn">
<doc>Logs the given message to the console.</doc>
<arguments>
<arg>to console</arg>
<arg>Value of item is : ${item}</arg>
</arguments>
<status status="PASS" starttime="20210127 16:19:05.906" endtime="20210127 16:19:05.907"></status>
</kw>
<kw name="Set Variable" library="BuiltIn">
<doc>Returns the given values which can then be assigned to a variables.</doc>
<arguments>
<arg>${item['postId']}</arg>
</arguments>
<assign>
<var>${get_postId}</var>
</assign>
<msg timestamp="20210127 16:19:05.907" level="INFO">${get_postId} = 2</msg>
<status status="PASS" starttime="20210127 16:19:05.907" endtime="20210127 16:19:05.907"></status>
</kw>
<kw name="Set Variable" library="BuiltIn">
<doc>Returns the given values which can then be assigned to a variables.</doc>
<arguments>
<arg>${item['id']}</arg>
</arguments>
<assign>
<var>${get_id}</var>
</assign>
<msg timestamp="20210127 16:19:05.908" level="INFO">${get_id} = 9</msg>
<status status="PASS" starttime="20210127 16:19:05.907" endtime="20210127 16:19:05.908"></status>
</kw>
<kw name="Set Variable" library="BuiltIn">
<doc>Returns the given values which can then be assigned to a variables.</doc>
<arguments>
<arg>${item['name']}</arg>
</arguments>
<assign>
<var>${get_name}</var>
</assign>
<msg timestamp="20210127 16:19:05.908" level="INFO">${get_name} = provident id voluptas</msg>
<status status="PASS" starttime="20210127 16:19:05.908" endtime="20210127 16:19:05.908"></status>
</kw>
<kw name="Set Variable" library="BuiltIn">
<doc>Returns the given values which can then be assigned to a variables.</doc>
<arguments>
<arg>${item['email']}</arg>
</arguments>
<assign>
<var>${get_email}</var>
</assign>
<msg timestamp="20210127 16:19:05.908" level="INFO">${get_email} = Meghan_Littel@rene.us</msg>
<status status="PASS" starttime="20210127 16:19:05.908" endtime="20210127 16:19:05.909"></status>
</kw>
<kw name="Set Variable" library="BuiltIn">
<doc>Returns the given values which can then be assigned to a variables.</doc>
<arguments>
<arg>${item['body']}</arg>
</arguments>
<assign>
<var>${get_body}</var>
</assign>
<msg timestamp="20210127 16:19:05.909" level="INFO">${get_body} = sapiente assumenda molestiae atque
adipisci laborum distinctio aperiam et ab ut omnis
et occaecati aspernatur odit sit rem expedita
quas enim ipsam minus</msg>
<status status="PASS" starttime="20210127 16:19:05.909" endtime="20210127 16:19:05.909"></status>
</kw>
<kw name="Log To Console" library="BuiltIn">
<doc>Logs the given message to the console.</doc>
<arguments>
<arg>${get_postId} | ${get_id} | ${get_name} | ${get_email} | ${get_body}</arg>
</arguments>
<status status="PASS" starttime="20210127 16:19:05.909" endtime="20210127 16:19:05.910"></status>
</kw>
<kw name="Run Keyword If" library="BuiltIn">
<doc>Runs the given keyword with the given arguments, if ``condition`` is true.</doc>
<arguments>
<arg>"${get_postId}"=="${EMPTY}"</arg>
<arg>log to console</arg>
<arg>Warning : Post ID is Empty</arg>
</arguments>
<status status="PASS" starttime="20210127 16:19:05.910" endtime="20210127 16:19:05.910"></status>
</kw>
<kw name="Run Keyword If" library="BuiltIn">
<doc>Runs the given keyword with the given arguments, if ``condition`` is true.</doc>
<arguments>
<arg>"${get_id}"=="${EMPTY}"</arg>
<arg>log to console</arg>
<arg>Warning : ID is Empty</arg>
</arguments>
<status status="PASS" starttime="20210127 16:19:05.910" endtime="20210127 16:19:05.911"></status>
</kw>
<kw name="Run Keyword If" library="BuiltIn">
<doc>Runs the given keyword with the given arguments, if ``condition`` is true.</doc>
<arguments>
<arg>"${get_name}"=="${EMPTY}"</arg>
<arg>log to console</arg>
<arg>Warning : Title is Empty</arg>
</arguments>
<status status="PASS" starttime="20210127 16:19:05.911" endtime="20210127 16:19:05.911"></status>
</kw>
<kw name="Run Keyword If" library="BuiltIn">
<doc>Runs the given keyword with the given arguments, if ``condition`` is true.</doc>
<arguments>
<arg>"${get_email}"=="${EMPTY}"</arg>
<arg>log to console</arg>
<arg>Warning : User ID is Empty</arg>
</arguments>
<status status="PASS" starttime="20210127 16:19:05.911" endtime="20210127 16:19:05.912"></status>
</kw>
<kw name="Log To Console" library="BuiltIn">
<doc>Logs the given message to the console.</doc>
<arguments>
<arg>Validation is done for the keys in Response.</arg>
</arguments>
<status status="PASS" starttime="20210127 16:19:05.912" endtime="20210127 16:19:05.912"></status>
</kw>
<status status="PASS" starttime="20210127 16:19:05.906" endtime="20210127 16:19:05.912"></status>
</kw>
<kw name="${item} = {'postId': 2, 'id': 10, 'name': 'eaque et deleniti atque tenetur ut quo ut', 'email': 'Carmen_Keeling@caroline.name', 'body': 'voluptate iusto quis nobis reprehenderit ipsum amet nulla\nquia quas dolo..." type="foritem">
<kw name="Log To Console" library="BuiltIn">
<doc>Logs the given message to the console.</doc>
<arguments>
<arg>to console</arg>
<arg>Value of item is : ${item}</arg>
</arguments>
<status status="PASS" starttime="20210127 16:19:05.913" endtime="20210127 16:19:05.915"></status>
</kw>
<kw name="Set Variable" library="BuiltIn">
<doc>Returns the given values which can then be assigned to a variables.</doc>
<arguments>
<arg>${item['postId']}</arg>
</arguments>
<assign>
<var>${get_postId}</var>
</assign>
<msg timestamp="20210127 16:19:05.916" level="INFO">${get_postId} = 2</msg>
<status status="PASS" starttime="20210127 16:19:05.915" endtime="20210127 16:19:05.916"></status>
</kw>
<kw name="Set Variable" library="BuiltIn">
<doc>Returns the given values which can then be assigned to a variables.</doc>
<arguments>
<arg>${item['id']}</arg>
</arguments>
<assign>
<var>${get_id}</var>
</assign>
<msg timestamp="20210127 16:19:05.916" level="INFO">${get_id} = 10</msg>
<status status="PASS" starttime="20210127 16:19:05.916" endtime="20210127 16:19:05.916"></status>
</kw>
<kw name="Set Variable" library="BuiltIn">
<doc>Returns the given values which can then be assigned to a variables.</doc>
<arguments>
<arg>${item['name']}</arg>
</arguments>
<assign>
<var>${get_name}</var>
</assign>
<msg timestamp="20210127 16:19:05.917" level="INFO">${get_name} = eaque et deleniti atque tenetur ut quo ut</msg>
<status status="PASS" starttime="20210127 16:19:05.916" endtime="20210127 16:19:05.917"></status>
</kw>
<kw name="Set Variable" library="BuiltIn">
<doc>Returns the given values which can then be assigned to a variables.</doc>
<arguments>
<arg>${item['email']}</arg>
</arguments>
<assign>
<var>${get_email}</var>
</assign>
<msg timestamp="20210127 16:19:05.917" level="INFO">${get_email} = Carmen_Keeling@caroline.name</msg>
<status status="PASS" starttime="20210127 16:19:05.917" endtime="20210127 16:19:05.917"></status>
</kw>
<kw name="Set Variable" library="BuiltIn">
<doc>Returns the given values which can then be assigned to a variables.</doc>
<arguments>
<arg>${item['body']}</arg>
</arguments>
<assign>
<var>${get_body}</var>
</assign>
<msg timestamp="20210127 16:19:05.918" level="INFO">${get_body} = voluptate iusto quis nobis reprehenderit ipsum amet nulla
quia quas dolores velit et non
aut quia necessitatibus
nostrum quaerat nulla et accusamus nisi facilis</msg>
<status status="PASS" starttime="20210127 16:19:05.917" endtime="20210127 16:19:05.918"></status>
</kw>
<kw name="Log To Console" library="BuiltIn">
<doc>Logs the given message to the console.</doc>
<arguments>
<arg>${get_postId} | ${get_id} | ${get_name} | ${get_email} | ${get_body}</arg>
</arguments>
<status status="PASS" starttime="20210127 16:19:05.918" endtime="20210127 16:19:05.919"></status>
</kw>
<kw name="Run Keyword If" library="BuiltIn">
<doc>Runs the given keyword with the given arguments, if ``condition`` is true.</doc>
<arguments>
<arg>"${get_postId}"=="${EMPTY}"</arg>
<arg>log to console</arg>
<arg>Warning : Post ID is Empty</arg>
</arguments>
<status status="PASS" starttime="20210127 16:19:05.919" endtime="20210127 16:19:05.919"></status>
</kw>
<kw name="Run Keyword If" library="BuiltIn">
<doc>Runs the given keyword with the given arguments, if ``condition`` is true.</doc>
<arguments>
<arg>"${get_id}"=="${EMPTY}"</arg>
<arg>log to console</arg>
<arg>Warning : ID is Empty</arg>
</arguments>
<status status="PASS" starttime="20210127 16:19:05.919" endtime="20210127 16:19:05.920"></status>
</kw>
<kw name="Run Keyword If" library="BuiltIn">
<doc>Runs the given keyword with the given arguments, if ``condition`` is true.</doc>
<arguments>
<arg>"${get_name}"=="${EMPTY}"</arg>
<arg>log to console</arg>
<arg>Warning : Title is Empty</arg>
</arguments>
<status status="PASS" starttime="20210127 16:19:05.920" endtime="20210127 16:19:05.920"></status>
</kw>
<kw name="Run Keyword If" library="BuiltIn">
<doc>Runs the given keyword with the given arguments, if ``condition`` is true.</doc>
<arguments>
<arg>"${get_email}"=="${EMPTY}"</arg>
<arg>log to console</arg>
<arg>Warning : User ID is Empty</arg>
</arguments>
<status status="PASS" starttime="20210127 16:19:05.920" endtime="20210127 16:19:05.921"></status>
</kw>
<kw name="Log To Console" library="BuiltIn">
<doc>Logs the given message to the console.</doc>
<arguments>
<arg>Validation is done for the keys in Response.</arg>
</arguments>
<status status="PASS" starttime="20210127 16:19:05.921" endtime="20210127 16:19:05.922"></status>
</kw>
<status status="PASS" starttime="20210127 16:19:05.912" endtime="20210127 16:19:05.922"></status>
</kw>
<status status="PASS" starttime="20210127 16:19:05.886" endtime="20210127 16:19:05.922"></status>
</kw>
<kw name="Log To Console" library="BuiltIn">
<doc>Logs the given message to the console.</doc>
<arguments>
<arg>Validation is done for GET API.</arg>
</arguments>
<status status="PASS" starttime="20210127 16:19:05.923" endtime="20210127 16:19:05.923"></status>
</kw>
<doc>This test case will validate the Response for the url /comments?postId=2</doc>
<tags>
<tag>APIValidation</tag>
</tags>
<status status="PASS" starttime="20210127 16:19:05.748" endtime="20210127 16:19:05.924" critical="yes"></status>
</test>
<status status="PASS" starttime="20210127 16:19:04.741" endtime="20210127 16:19:05.926"></status>
</suite>
<suite id="s1-s2" name="TC POSTS" source="C:\Users\renuk\PycharmProjects\Automation2021\TestCases_GET\TC_POSTS.robot">
<test id="s1-s2-t1" name="TC_01_Validate_Headers">
<kw name="Create Session" library="RequestsLibrary">
<doc>Create Session: create a HTTP session to a server</doc>
<arguments>
<arg>GetSession</arg>
<arg>${Base_URL}</arg>
</arguments>
<msg timestamp="20210127 16:19:05.938" level="INFO">Creating Session using : alias=GetSession, url=http://jsonplaceholder.typicode.com, headers={},                     cookies={}, auth=None, timeout=None, proxies=None, verify=False,                     debug=0 </msg>
<status status="PASS" starttime="20210127 16:19:05.938" endtime="20210127 16:19:05.938"></status>
</kw>
<kw name="Get On Session" library="RequestsLibrary">
<doc>Sends a GET request on a previously created HTTP Session.</doc>
<arguments>
<arg>GetSession</arg>
<arg>/posts</arg>
</arguments>
<assign>
<var>${response}</var>
</assign>
<msg timestamp="20210127 16:19:06.005" level="INFO">GET Request : url=http://jsonplaceholder.typicode.com/posts 
 path_url=/posts 
 headers={'User-Agent': 'python-requests/2.25.1', 'Accept-Encoding': 'gzip, deflate', 'Accept': '*/*', 'Connection': 'keep-alive'} 
 body=None 
 </msg>
<msg timestamp="20210127 16:19:06.005" level="INFO">GET Response : url=http://jsonplaceholder.typicode.com/posts 
 status=200, reason=OK 
 headers={'Date': 'Wed, 27 Jan 2021 21:19:04 GMT', 'Content-Type': 'application/json; charset=utf-8', 'Transfer-Encoding': 'chunked', 'Connection': 'keep-alive', 'Set-Cookie': '__cfduid=d2c4742212e72330937c408b4f642a4f11611782344; expires=Fri, 26-Feb-21 21:19:04 GMT; path=/; domain=.typicode.com; HttpOnly; SameSite=Lax', 'X-Powered-By': 'Express', 'X-Ratelimit-Limit': '1000', 'X-Ratelimit-Remaining': '999', 'X-Ratelimit-Reset': '1611727601', 'Vary': 'Origin, Accept-Encoding', 'Access-Control-Allow-Credentials': 'true', 'Cache-Control': 'max-age=43200', 'Pragma': 'no-cache', 'Expires': '-1', 'X-Content-Type-Options': 'nosniff', 'Etag': 'W/"6b80-Ybsq/K6GwwqrYkAsFxqDXGC7DoM"', 'Content-Encoding': 'gzip', 'Via': '1.1 vegur', 'CF-Cache-Status': 'HIT', 'Age': '25965', 'cf-request-id': '07e74fe86c0000e6d80ca5e000000001', 'Report-To': '{"endpoints":[{"url":"https:\\/\\/a.nel.cloudflare.com\\/report?s=409oPRMLrTFlH3c73bItwTIbmqtdEgBX8U4%2FLGOgUbL1W%2ByRWcczI9IAyb3XB9tfql7S8Xhz5qNnF5yAbteRDzYYS71Ka2373U7szvi%2B8OdmYcHIUDbutGwnfMD4"}],"max_age":604800,"group":"cf-nel"}', 'NEL': '{"report_to":"cf-nel","max_age":604800}', 'Server': 'cloudflare', 'CF-RAY': '618582870c03e6d8-EWR'} 
 body=[
  {
    "userId": 1,
    "id": 1,
    "title": "sunt aut facere repellat provident occaecati excepturi optio reprehenderit",
    "body": "quia et suscipit\nsuscipit recusandae consequuntur expedita et cum\nreprehenderit molestiae ut ut quas totam\nnostrum rerum est autem sunt rem eveniet architecto"
  },
  {
    "userId": 1,
    "id": 2,
    "title": "qui est esse",
    "body": "est rerum tempore vitae\nsequi sint nihil reprehenderit dolor beatae ea dolores neque\nfugiat blanditiis voluptate porro vel nihil molestiae ut reiciendis\nqui aperiam non debitis possimus qui neque nisi nulla"
  },
  {
    "userId": 1,
    "id": 3,
    "title": "ea molestias quasi exercitationem repellat qui ipsa sit aut",
    "body": "et iusto sed quo iure\nvoluptatem occaecati omnis eligendi aut ad\nvoluptatem doloribus vel accusantium quis pariatur\nmolestiae porro eius odio et labore et velit aut"
  },
  {
    "userId": 1,
    "id": 4,
    "title": "eum et est occaecati",
    "body": "ullam et saepe reiciendis voluptatem adipisci\nsit amet autem assumenda provident rerum culpa\nquis hic commodi nesciunt rem tenetur doloremque ipsam iure\nquis sunt voluptatem rerum illo velit"
  },
  {
    "userId": 1,
    "id": 5,
    "title": "nesciunt quas odio",
    "body": "repudiandae veniam quaerat sunt sed\nalias aut fugiat sit autem sed est\nvoluptatem omnis possimus esse voluptatibus quis\nest aut tenetur dolor neque"
  },
  {
    "userId": 1,
    "id": 6,
    "title": "dolorem eum magni eos aperiam quia",
    "body": "ut aspernatur corporis harum nihil quis provident sequi\nmollitia nobis aliquid molestiae\nperspiciatis et ea nemo ab reprehenderit accusantium quas\nvoluptate dolores velit et doloremque molestiae"
  },
  {
    "userId": 1,
    "id": 7,
    "title": "magnam facilis autem",
    "body": "dolore placeat quibusdam ea quo vitae\nmagni quis enim qui quis quo nemo aut saepe\nquidem repellat excepturi ut quia\nsunt ut sequi eos ea sed quas"
  },
  {
    "userId": 1,
    "id": 8,
    "title": "dolorem dolore est ipsam",
    "body": "dignissimos aperiam dolorem qui eum\nfacilis quibusdam animi sint suscipit qui sint possimus cum\nquaerat magni maiores excepturi\nipsam ut commodi dolor voluptatum modi aut vitae"
  },
  {
    "userId": 1,
    "id": 9,
    "title": "nesciunt iure omnis dolorem tempora et accusantium",
    "body": "consectetur animi nesciunt iure dolore\nenim quia ad\nveniam autem ut quam aut nobis\net est aut quod aut provident voluptas autem voluptas"
  },
  {
    "userId": 1,
    "id": 10,
    "title": "optio molestias id quia eum",
    "body": "quo et expedita modi cum officia vel magni\ndoloribus qui repudiandae\nvero nisi sit\nquos veniam quod sed accusamus veritatis error"
  },
  {
    "userId": 2,
    "id": 11,
    "title": "et ea vero quia laudantium autem",
    "body": "delectus reiciendis molestiae occaecati non minima eveniet qui voluptatibus\naccusamus in eum beatae sit\nvel qui neque voluptates ut commodi qui incidunt\nut animi commodi"
  },
  {
    "userId": 2,
    "id": 12,
    "title": "in quibusdam tempore odit est dolorem",
    "body": "itaque id aut magnam\npraesentium quia et ea odit et ea voluptas et\nsapiente quia nihil amet occaecati quia id voluptatem\nincidunt ea est distinctio odio"
  },
  {
    "userId": 2,
    "id": 13,
    "title": "dolorum ut in voluptas mollitia et saepe quo animi",
    "body": "aut dicta possimus sint mollitia voluptas commodi quo doloremque\niste corrupti reiciendis voluptatem eius rerum\nsit cumque quod eligendi laborum minima\nperferendis recusandae assumenda consectetur porro architecto ipsum ipsam"
  },
  {
    "userId": 2,
    "id": 14,
    "title": "voluptatem eligendi optio",
    "body": "fuga et accusamus dolorum perferendis illo voluptas\nnon doloremque neque facere\nad qui dolorum molestiae beatae\nsed aut voluptas totam sit illum"
  },
  {
    "userId": 2,
    "id": 15,
    "title": "eveniet quod temporibus",
    "body": "reprehenderit quos placeat\nvelit minima officia dolores impedit repudiandae molestiae nam\nvoluptas recusandae quis delectus\nofficiis harum fugiat vitae"
  },
  {
    "userId": 2,
    "id": 16,
    "title": "sint suscipit perspiciatis velit dolorum rerum ipsa laboriosam odio",
    "body": "suscipit nam nisi quo aperiam aut\nasperiores eos fugit maiores voluptatibus quia\nvoluptatem quis ullam qui in alias quia est\nconsequatur magni mollitia accusamus ea nisi voluptate dicta"
  },
  {
    "userId": 2,
    "id": 17,
    "title": "fugit voluptas sed molestias voluptatem provident",
    "body": "eos voluptas et aut odit natus earum\naspernatur fuga molestiae ullam\ndeserunt ratione qui eos\nqui nihil ratione nemo velit ut aut id quo"
  },
  {
    "userId": 2,
    "id": 18,
    "title": "voluptate et itaque vero tempora molestiae",
    "body": "eveniet quo quis\nlaborum totam consequatur non dolor\nut et est repudiandae\nest voluptatem vel debitis et magnam"
  },
  {
    "userId": 2,
    "id": 19,
    "title": "adipisci placeat illum aut reiciendis qui",
    "body": "illum quis cupiditate provident sit magnam\nea sed aut omnis\nveniam maiores ullam consequatur atque\nadipisci quo iste expedita sit quos voluptas"
  },
  {
    "userId": 2,
    "id": 20,
    "title": "doloribus ad provident suscipit at",
    "body": "qui consequuntur ducimus possimus quisquam amet similique\nsuscipit porro ipsam amet\neos veritatis officiis exercitationem vel fugit aut necessitatibus totam\nomnis rerum consequatur expedita quidem cumque explicabo"
  },
  {
    "userId": 3,
    "id": 21,
    "title": "asperiores ea ipsam voluptatibus modi minima quia sint",
    "body": "repellat aliquid praesentium dolorem quo\nsed totam minus non itaque\nnihil labore molestiae sunt dolor eveniet hic recusandae veniam\ntempora et tenetur expedita sunt"
  },
  {
    "userId": 3,
    "id": 22,
    "title": "dolor sint quo a velit explicabo quia nam",
    "body": "eos qui et ipsum ipsam suscipit aut\nsed omnis non odio\nexpedita earum mollitia molestiae aut atque rem suscipit\nnam impedit esse"
  },
  {
    "userId": 3,
    "id": 23,
    "title": "maxime id vitae nihil numquam",
    "body": "veritatis unde neque eligendi\nquae quod architecto quo neque vitae\nest illo sit tempora doloremque fugit quod\net et vel beatae sequi ullam sed tenetur perspiciatis"
  },
  {
    "userId": 3,
    "id": 24,
    "title": "autem hic labore sunt dolores incidunt",
    "body": "enim et ex nulla\nomnis voluptas quia qui\nvoluptatem consequatur numquam aliquam sunt\ntotam recusandae id dignissimos aut sed asperiores deserunt"
  },
  {
    "userId": 3,
    "id": 25,
    "title": "rem alias distinctio quo quis",
    "body": "ullam consequatur ut\nomnis quis sit vel consequuntur\nipsa eligendi ipsum molestiae et omnis error nostrum\nmolestiae illo tempore quia et distinctio"
  },
  {
    "userId": 3,
    "id": 26,
    "title": "est et quae odit qui non",
    "body": "similique esse doloribus nihil accusamus\nomnis dolorem fuga consequuntur reprehenderit fugit recusandae temporibus\nperspiciatis cum ut laudantium\nomnis aut molestiae vel vero"
  },
  {
    "userId": 3,
    "id": 27,
    "title": "quasi id et eos tenetur aut quo autem",
    "body": "eum sed dolores ipsam sint possimus debitis occaecati\ndebitis qui qui et\nut placeat enim earum aut odit facilis\nconsequatur suscipit necessitatibus rerum sed inventore temporibus consequatur"
  },
  {
    "userId": 3,
    "id": 28,
    "title": "delectus ullam et corporis nulla voluptas sequi",
    "body": "non et quaerat ex quae ad maiores\nmaiores recusandae totam aut blanditiis mollitia quas illo\nut voluptatibus voluptatem\nsimilique nostrum eum"
  },
  {
    "userId": 3,
    "id": 29,
    "title": "iusto eius quod necessitatibus culpa ea",
    "body": "odit magnam ut saepe sed non qui\ntempora atque nihil\naccusamus illum doloribus illo dolor\neligendi repudiandae odit magni similique sed cum maiores"
  },
  {
    "userId": 3,
    "id": 30,
    "title": "a quo magni similique perferendis",
    "body": "alias dolor cumque\nimpedit blanditiis non eveniet odio maxime\nblanditiis amet eius quis tempora quia autem rem\na provident perspiciatis quia"
  },
  {
    "userId": 4,
    "id": 31,
    "title": "ullam ut quidem id aut vel consequuntur",
    "body": "debitis eius sed quibusdam non quis consectetur vitae\nimpedit ut qui consequatur sed aut in\nquidem sit nostrum et maiores adipisci atque\nquaerat voluptatem adipisci repudiandae"
  },
  {
    "userId": 4,
    "id": 32,
    "title": "doloremque illum aliquid sunt",
    "body": "deserunt eos nobis asperiores et hic\nest debitis repellat molestiae optio\nnihil ratione ut eos beatae quibusdam distinctio maiores\nearum voluptates et aut adipisci ea maiores voluptas maxime"
  },
  {
    "userId": 4,
    "id": 33,
    "title": "qui explicabo molestiae dolorem",
    "body": "rerum ut et numquam laborum odit est sit\nid qui sint in\nquasi tenetur tempore aperiam et quaerat qui in\nrerum officiis sequi cumque quod"
  },
  {
    "userId": 4,
    "id": 34,
    "title": "magnam ut rerum iure",
    "body": "ea velit perferendis earum ut voluptatem voluptate itaque iusto\ntotam pariatur in\nnemo voluptatem voluptatem autem magni tempora minima in\nest distinctio qui assumenda accusamus dignissimos officia nesciunt nobis"
  },
  {
    "userId": 4,
    "id": 35,
    "title": "id nihil consequatur molestias animi provident",
    "body": "nisi error delectus possimus ut eligendi vitae\nplaceat eos harum cupiditate facilis reprehenderit voluptatem beatae\nmodi ducimus quo illum voluptas eligendi\net nobis quia fugit"
  },
  {
    "userId": 4,
    "id": 36,
    "title": "fuga nam accusamus voluptas reiciendis itaque",
    "body": "ad mollitia et omnis minus architecto odit\nvoluptas doloremque maxime aut non ipsa qui alias veniam\nblanditiis culpa aut quia nihil cumque facere et occaecati\nqui aspernatur quia eaque ut aperiam inventore"
  },
  {
    "userId": 4,
    "id": 37,
    "title": "provident vel ut sit ratione est... (set the log level to DEBUG or TRACE to see the full content) 
 </msg>
<msg timestamp="20210127 16:19:06.006" level="INFO">${response} = &lt;Response [200]&gt;</msg>
<status status="PASS" starttime="20210127 16:19:05.939" endtime="20210127 16:19:06.006"></status>
</kw>
<kw name="Validate_Headers" library="Resources">
<arguments>
<arg>${response}</arg>
</arguments>
<kw name="Get From Dictionary" library="Collections">
<doc>Returns a value from the given ``dictionary`` based on the given ``key``.</doc>
<arguments>
<arg>${response.headers}</arg>
<arg>Content-Type</arg>
</arguments>
<assign>
<var>${header_from_response}</var>
</assign>
<msg timestamp="20210127 16:19:06.008" level="INFO">${header_from_response} = application/json; charset=utf-8</msg>
<status status="PASS" starttime="20210127 16:19:06.007" endtime="20210127 16:19:06.008"></status>
</kw>
<kw name="Should Be Equal" library="BuiltIn">
<doc>Fails if the given objects are unequal.</doc>
<arguments>
<arg>${header_from_response}</arg>
<arg>application/json; charset=utf-8</arg>
</arguments>
<status status="PASS" starttime="20210127 16:19:06.008" endtime="20210127 16:19:06.008"></status>
</kw>
<kw name="Log To Console" library="BuiltIn">
<doc>Logs the given message to the console.</doc>
<arguments>
<arg>The Header contains Content-Type as applicarion/json.</arg>
</arguments>
<status status="PASS" starttime="20210127 16:19:06.008" endtime="20210127 16:19:06.009"></status>
</kw>
<status status="PASS" starttime="20210127 16:19:06.007" endtime="20210127 16:19:06.009"></status>
</kw>
<doc>This test case will validate the Header in Get Response for the url /posts</doc>
<tags>
<tag>APIValidation</tag>
</tags>
<status status="PASS" starttime="20210127 16:19:05.937" endtime="20210127 16:19:06.010" critical="yes"></status>
</test>
<test id="s1-s2-t2" name="TC_02_Validate_Status_Code">
<kw name="Create Session" library="RequestsLibrary">
<doc>Create Session: create a HTTP session to a server</doc>
<arguments>
<arg>GetSession</arg>
<arg>${Base_URL}</arg>
</arguments>
<msg timestamp="20210127 16:19:06.013" level="INFO">Creating Session using : alias=GetSession, url=http://jsonplaceholder.typicode.com, headers={},                     cookies={}, auth=None, timeout=None, proxies=None, verify=False,                     debug=0 </msg>
<status status="PASS" starttime="20210127 16:19:06.013" endtime="20210127 16:19:06.013"></status>
</kw>
<kw name="Get On Session" library="RequestsLibrary">
<doc>Sends a GET request on a previously created HTTP Session.</doc>
<arguments>
<arg>GetSession</arg>
<arg>/posts</arg>
</arguments>
<assign>
<var>${response}</var>
</assign>
<msg timestamp="20210127 16:19:06.117" level="INFO">GET Request : url=http://jsonplaceholder.typicode.com/posts 
 path_url=/posts 
 headers={'User-Agent': 'python-requests/2.25.1', 'Accept-Encoding': 'gzip, deflate', 'Accept': '*/*', 'Connection': 'keep-alive'} 
 body=None 
 </msg>
<msg timestamp="20210127 16:19:06.118" level="INFO">GET Response : url=http://jsonplaceholder.typicode.com/posts 
 status=200, reason=OK 
 headers={'Date': 'Wed, 27 Jan 2021 21:19:04 GMT', 'Content-Type': 'application/json; charset=utf-8', 'Transfer-Encoding': 'chunked', 'Connection': 'keep-alive', 'Set-Cookie': '__cfduid=dcf5cf244071e17818997aec394c65df01611782344; expires=Fri, 26-Feb-21 21:19:04 GMT; path=/; domain=.typicode.com; HttpOnly; SameSite=Lax', 'X-Powered-By': 'Express', 'X-Ratelimit-Limit': '1000', 'X-Ratelimit-Remaining': '999', 'X-Ratelimit-Reset': '1611727601', 'Vary': 'Origin, Accept-Encoding', 'Access-Control-Allow-Credentials': 'true', 'Cache-Control': 'max-age=43200', 'Pragma': 'no-cache', 'Expires': '-1', 'X-Content-Type-Options': 'nosniff', 'Etag': 'W/"6b80-Ybsq/K6GwwqrYkAsFxqDXGC7DoM"', 'Content-Encoding': 'gzip', 'Via': '1.1 vegur', 'CF-Cache-Status': 'HIT', 'Age': '25965', 'cf-request-id': '07e74fe8c200003e0488227000000001', 'Report-To': '{"group":"cf-nel","endpoints":[{"url":"https:\\/\\/a.nel.cloudflare.com\\/report?s=thGQmId3iAuXjPHrEbxhFMpanPNSA1PE87npthLY2AoX9mg0YU6aoQoiaPGZVxfrASF6Z1%2BvS7AUkgXeqkbaKpEbMYVRUcJmkEzBEu4s1GvubWiZbv43F1LYsRa2"}],"max_age":604800}', 'NEL': '{"report_to":"cf-nel","max_age":604800}', 'Server': 'cloudflare', 'CF-RAY': '618582879f5a3e04-EWR'} 
 body=[
  {
    "userId": 1,
    "id": 1,
    "title": "sunt aut facere repellat provident occaecati excepturi optio reprehenderit",
    "body": "quia et suscipit\nsuscipit recusandae consequuntur expedita et cum\nreprehenderit molestiae ut ut quas totam\nnostrum rerum est autem sunt rem eveniet architecto"
  },
  {
    "userId": 1,
    "id": 2,
    "title": "qui est esse",
    "body": "est rerum tempore vitae\nsequi sint nihil reprehenderit dolor beatae ea dolores neque\nfugiat blanditiis voluptate porro vel nihil molestiae ut reiciendis\nqui aperiam non debitis possimus qui neque nisi nulla"
  },
  {
    "userId": 1,
    "id": 3,
    "title": "ea molestias quasi exercitationem repellat qui ipsa sit aut",
    "body": "et iusto sed quo iure\nvoluptatem occaecati omnis eligendi aut ad\nvoluptatem doloribus vel accusantium quis pariatur\nmolestiae porro eius odio et labore et velit aut"
  },
  {
    "userId": 1,
    "id": 4,
    "title": "eum et est occaecati",
    "body": "ullam et saepe reiciendis voluptatem adipisci\nsit amet autem assumenda provident rerum culpa\nquis hic commodi nesciunt rem tenetur doloremque ipsam iure\nquis sunt voluptatem rerum illo velit"
  },
  {
    "userId": 1,
    "id": 5,
    "title": "nesciunt quas odio",
    "body": "repudiandae veniam quaerat sunt sed\nalias aut fugiat sit autem sed est\nvoluptatem omnis possimus esse voluptatibus quis\nest aut tenetur dolor neque"
  },
  {
    "userId": 1,
    "id": 6,
    "title": "dolorem eum magni eos aperiam quia",
    "body": "ut aspernatur corporis harum nihil quis provident sequi\nmollitia nobis aliquid molestiae\nperspiciatis et ea nemo ab reprehenderit accusantium quas\nvoluptate dolores velit et doloremque molestiae"
  },
  {
    "userId": 1,
    "id": 7,
    "title": "magnam facilis autem",
    "body": "dolore placeat quibusdam ea quo vitae\nmagni quis enim qui quis quo nemo aut saepe\nquidem repellat excepturi ut quia\nsunt ut sequi eos ea sed quas"
  },
  {
    "userId": 1,
    "id": 8,
    "title": "dolorem dolore est ipsam",
    "body": "dignissimos aperiam dolorem qui eum\nfacilis quibusdam animi sint suscipit qui sint possimus cum\nquaerat magni maiores excepturi\nipsam ut commodi dolor voluptatum modi aut vitae"
  },
  {
    "userId": 1,
    "id": 9,
    "title": "nesciunt iure omnis dolorem tempora et accusantium",
    "body": "consectetur animi nesciunt iure dolore\nenim quia ad\nveniam autem ut quam aut nobis\net est aut quod aut provident voluptas autem voluptas"
  },
  {
    "userId": 1,
    "id": 10,
    "title": "optio molestias id quia eum",
    "body": "quo et expedita modi cum officia vel magni\ndoloribus qui repudiandae\nvero nisi sit\nquos veniam quod sed accusamus veritatis error"
  },
  {
    "userId": 2,
    "id": 11,
    "title": "et ea vero quia laudantium autem",
    "body": "delectus reiciendis molestiae occaecati non minima eveniet qui voluptatibus\naccusamus in eum beatae sit\nvel qui neque voluptates ut commodi qui incidunt\nut animi commodi"
  },
  {
    "userId": 2,
    "id": 12,
    "title": "in quibusdam tempore odit est dolorem",
    "body": "itaque id aut magnam\npraesentium quia et ea odit et ea voluptas et\nsapiente quia nihil amet occaecati quia id voluptatem\nincidunt ea est distinctio odio"
  },
  {
    "userId": 2,
    "id": 13,
    "title": "dolorum ut in voluptas mollitia et saepe quo animi",
    "body": "aut dicta possimus sint mollitia voluptas commodi quo doloremque\niste corrupti reiciendis voluptatem eius rerum\nsit cumque quod eligendi laborum minima\nperferendis recusandae assumenda consectetur porro architecto ipsum ipsam"
  },
  {
    "userId": 2,
    "id": 14,
    "title": "voluptatem eligendi optio",
    "body": "fuga et accusamus dolorum perferendis illo voluptas\nnon doloremque neque facere\nad qui dolorum molestiae beatae\nsed aut voluptas totam sit illum"
  },
  {
    "userId": 2,
    "id": 15,
    "title": "eveniet quod temporibus",
    "body": "reprehenderit quos placeat\nvelit minima officia dolores impedit repudiandae molestiae nam\nvoluptas recusandae quis delectus\nofficiis harum fugiat vitae"
  },
  {
    "userId": 2,
    "id": 16,
    "title": "sint suscipit perspiciatis velit dolorum rerum ipsa laboriosam odio",
    "body": "suscipit nam nisi quo aperiam aut\nasperiores eos fugit maiores voluptatibus quia\nvoluptatem quis ullam qui in alias quia est\nconsequatur magni mollitia accusamus ea nisi voluptate dicta"
  },
  {
    "userId": 2,
    "id": 17,
    "title": "fugit voluptas sed molestias voluptatem provident",
    "body": "eos voluptas et aut odit natus earum\naspernatur fuga molestiae ullam\ndeserunt ratione qui eos\nqui nihil ratione nemo velit ut aut id quo"
  },
  {
    "userId": 2,
    "id": 18,
    "title": "voluptate et itaque vero tempora molestiae",
    "body": "eveniet quo quis\nlaborum totam consequatur non dolor\nut et est repudiandae\nest voluptatem vel debitis et magnam"
  },
  {
    "userId": 2,
    "id": 19,
    "title": "adipisci placeat illum aut reiciendis qui",
    "body": "illum quis cupiditate provident sit magnam\nea sed aut omnis\nveniam maiores ullam consequatur atque\nadipisci quo iste expedita sit quos voluptas"
  },
  {
    "userId": 2,
    "id": 20,
    "title": "doloribus ad provident suscipit at",
    "body": "qui consequuntur ducimus possimus quisquam amet similique\nsuscipit porro ipsam amet\neos veritatis officiis exercitationem vel fugit aut necessitatibus totam\nomnis rerum consequatur expedita quidem cumque explicabo"
  },
  {
    "userId": 3,
    "id": 21,
    "title": "asperiores ea ipsam voluptatibus modi minima quia sint",
    "body": "repellat aliquid praesentium dolorem quo\nsed totam minus non itaque\nnihil labore molestiae sunt dolor eveniet hic recusandae veniam\ntempora et tenetur expedita sunt"
  },
  {
    "userId": 3,
    "id": 22,
    "title": "dolor sint quo a velit explicabo quia nam",
    "body": "eos qui et ipsum ipsam suscipit aut\nsed omnis non odio\nexpedita earum mollitia molestiae aut atque rem suscipit\nnam impedit esse"
  },
  {
    "userId": 3,
    "id": 23,
    "title": "maxime id vitae nihil numquam",
    "body": "veritatis unde neque eligendi\nquae quod architecto quo neque vitae\nest illo sit tempora doloremque fugit quod\net et vel beatae sequi ullam sed tenetur perspiciatis"
  },
  {
    "userId": 3,
    "id": 24,
    "title": "autem hic labore sunt dolores incidunt",
    "body": "enim et ex nulla\nomnis voluptas quia qui\nvoluptatem consequatur numquam aliquam sunt\ntotam recusandae id dignissimos aut sed asperiores deserunt"
  },
  {
    "userId": 3,
    "id": 25,
    "title": "rem alias distinctio quo quis",
    "body": "ullam consequatur ut\nomnis quis sit vel consequuntur\nipsa eligendi ipsum molestiae et omnis error nostrum\nmolestiae illo tempore quia et distinctio"
  },
  {
    "userId": 3,
    "id": 26,
    "title": "est et quae odit qui non",
    "body": "similique esse doloribus nihil accusamus\nomnis dolorem fuga consequuntur reprehenderit fugit recusandae temporibus\nperspiciatis cum ut laudantium\nomnis aut molestiae vel vero"
  },
  {
    "userId": 3,
    "id": 27,
    "title": "quasi id et eos tenetur aut quo autem",
    "body": "eum sed dolores ipsam sint possimus debitis occaecati\ndebitis qui qui et\nut placeat enim earum aut odit facilis\nconsequatur suscipit necessitatibus rerum sed inventore temporibus consequatur"
  },
  {
    "userId": 3,
    "id": 28,
    "title": "delectus ullam et corporis nulla voluptas sequi",
    "body": "non et quaerat ex quae ad maiores\nmaiores recusandae totam aut blanditiis mollitia quas illo\nut voluptatibus voluptatem\nsimilique nostrum eum"
  },
  {
    "userId": 3,
    "id": 29,
    "title": "iusto eius quod necessitatibus culpa ea",
    "body": "odit magnam ut saepe sed non qui\ntempora atque nihil\naccusamus illum doloribus illo dolor\neligendi repudiandae odit magni similique sed cum maiores"
  },
  {
    "userId": 3,
    "id": 30,
    "title": "a quo magni similique perferendis",
    "body": "alias dolor cumque\nimpedit blanditiis non eveniet odio maxime\nblanditiis amet eius quis tempora quia autem rem\na provident perspiciatis quia"
  },
  {
    "userId": 4,
    "id": 31,
    "title": "ullam ut quidem id aut vel consequuntur",
    "body": "debitis eius sed quibusdam non quis consectetur vitae\nimpedit ut qui consequatur sed aut in\nquidem sit nostrum et maiores adipisci atque\nquaerat voluptatem adipisci repudiandae"
  },
  {
    "userId": 4,
    "id": 32,
    "title": "doloremque illum aliquid sunt",
    "body": "deserunt eos nobis asperiores et hic\nest debitis repellat molestiae optio\nnihil ratione ut eos beatae quibusdam distinctio maiores\nearum voluptates et aut adipisci ea maiores voluptas maxime"
  },
  {
    "userId": 4,
    "id": 33,
    "title": "qui explicabo molestiae dolorem",
    "body": "rerum ut et numquam laborum odit est sit\nid qui sint in\nquasi tenetur tempore aperiam et quaerat qui in\nrerum officiis sequi cumque quod"
  },
  {
    "userId": 4,
    "id": 34,
    "title": "magnam ut rerum iure",
    "body": "ea velit perferendis earum ut voluptatem voluptate itaque iusto\ntotam pariatur in\nnemo voluptatem voluptatem autem magni tempora minima in\nest distinctio qui assumenda accusamus dignissimos officia nesciunt nobis"
  },
  {
    "userId": 4,
    "id": 35,
    "title": "id nihil consequatur molestias animi provident",
    "body": "nisi error delectus possimus ut eligendi vitae\nplaceat eos harum cupiditate facilis reprehenderit voluptatem beatae\nmodi ducimus quo illum voluptas eligendi\net nobis quia fugit"
  },
  {
    "userId": 4,
    "id": 36,
    "title": "fuga nam accusamus voluptas reiciendis itaque",
    "body": "ad mollitia et omnis minus architecto odit\nvoluptas doloremque maxime aut non ipsa qui alias veniam\nblanditiis culpa aut quia nihil cumque facere et occaecati\nqui aspernatur quia eaque ut aperiam inventore"
  },
  {
    "userId": 4,
    "id": 37,
    "title": "provident vel ut sit ratione est... (set the log level to DEBUG or TRACE to see the full content) 
 </msg>
<msg timestamp="20210127 16:19:06.119" level="INFO">${response} = &lt;Response [200]&gt;</msg>
<status status="PASS" starttime="20210127 16:19:06.014" endtime="20210127 16:19:06.119"></status>
</kw>
<kw name="Validate_StatusCode" library="Resources">
<arguments>
<arg>${response}</arg>
</arguments>
<kw name="Convert To String" library="BuiltIn">
<doc>Converts the given item to a Unicode string.</doc>
<arguments>
<arg>${response.status_code}</arg>
</arguments>
<assign>
<var>${status_code_string}</var>
</assign>
<msg timestamp="20210127 16:19:06.141" level="INFO">${status_code_string} = 200</msg>
<status status="PASS" starttime="20210127 16:19:06.123" endtime="20210127 16:19:06.141"></status>
</kw>
<kw name="Should Be Equal" library="BuiltIn">
<doc>Fails if the given objects are unequal.</doc>
<arguments>
<arg>${status_code_string}</arg>
<arg>200</arg>
</arguments>
<status status="PASS" starttime="20210127 16:19:06.141" endtime="20210127 16:19:06.142"></status>
</kw>
<kw name="Log To Console" library="BuiltIn">
<doc>Logs the given message to the console.</doc>
<arguments>
<arg>The status code is verified.</arg>
</arguments>
<status status="PASS" starttime="20210127 16:19:06.142" endtime="20210127 16:19:06.143"></status>
</kw>
<status status="PASS" starttime="20210127 16:19:06.121" endtime="20210127 16:19:06.143"></status>
</kw>
<doc>This test case will validate the Status_code in Get Response for the url /posts</doc>
<tags>
<tag>APIValidation</tag>
</tags>
[...]
</kw>
<kw name="Set Variable" library="BuiltIn">
<doc>Returns the given values which can then be assigned to a variables.</doc>
<arguments>
<arg>${item['id']}</arg>
</arguments>
<assign>
<var>${get_id}</var>
</assign>
<msg timestamp="20210127 16:19:07.751" level="INFO">${get_id} = 7</msg>
<status status="PASS" starttime="20210127 16:19:07.751" endtime="20210127 16:19:07.751"></status>
</kw>
<kw name="Set Variable" library="BuiltIn">
<doc>Returns the given values which can then be assigned to a variables.</doc>
<arguments>
<arg>${item['name']}</arg>
</arguments>
<assign>
<var>${get_name}</var>
</assign>
<msg timestamp="20210127 16:19:07.751" level="INFO">${get_name} = repellat consequatur praesentium vel minus molestias voluptatum</msg>
<status status="PASS" starttime="20210127 16:19:07.751" endtime="20210127 16:19:07.752"></status>
</kw>
<kw name="Set Variable" library="BuiltIn">
<doc>Returns the given values which can then be assigned to a variables.</doc>
<arguments>
<arg>${item['email']}</arg>
</arguments>
<assign>
<var>${get_email}</var>
</assign>
<msg timestamp="20210127 16:19:07.752" level="INFO">${get_email} = Dallas@ole.me</msg>
<status status="PASS" starttime="20210127 16:19:07.752" endtime="20210127 16:19:07.752"></status>
</kw>
<kw name="Set Variable" library="BuiltIn">
<doc>Returns the given values which can then be assigned to a variables.</doc>
<arguments>
<arg>${item['body']}</arg>
</arguments>
<assign>
<var>${get_body}</var>
</assign>
<msg timestamp="20210127 16:19:07.753" level="INFO">${get_body} = maiores sed dolores similique labore et inventore et
quasi temporibus esse sunt id et
eos voluptatem aliquam
aliquid ratione corporis molestiae mollitia quia et magnam dolor</msg>
<status status="PASS" starttime="20210127 16:19:07.752" endtime="20210127 16:19:07.753"></status>
</kw>
<kw name="Log To Console" library="BuiltIn">
<doc>Logs the given message to the console.</doc>
<arguments>
<arg>${get_postId} | ${get_id} | ${get_name} | ${get_email} | ${get_body}</arg>
</arguments>
<status status="PASS" starttime="20210127 16:19:07.753" endtime="20210127 16:19:07.754"></status>
</kw>
<kw name="Run Keyword If" library="BuiltIn">
<doc>Runs the given keyword with the given arguments, if ``condition`` is true.</doc>
<arguments>
<arg>"${get_postId}"=="${EMPTY}"</arg>
<arg>log to console</arg>
<arg>Warning : Post ID is Empty</arg>
</arguments>
<status status="PASS" starttime="20210127 16:19:07.754" endtime="20210127 16:19:07.754"></status>
</kw>
<kw name="Run Keyword If" library="BuiltIn">
<doc>Runs the given keyword with the given arguments, if ``condition`` is true.</doc>
<arguments>
<arg>"${get_id}"=="${EMPTY}"</arg>
<arg>log to console</arg>
<arg>Warning : ID is Empty</arg>
</arguments>
<status status="PASS" starttime="20210127 16:19:07.754" endtime="20210127 16:19:07.755"></status>
</kw>
<kw name="Run Keyword If" library="BuiltIn">
<doc>Runs the given keyword with the given arguments, if ``condition`` is true.</doc>
<arguments>
<arg>"${get_name}"=="${EMPTY}"</arg>
<arg>log to console</arg>
<arg>Warning : Title is Empty</arg>
</arguments>
<status status="PASS" starttime="20210127 16:19:07.755" endtime="20210127 16:19:07.755"></status>
</kw>
<kw name="Run Keyword If" library="BuiltIn">
<doc>Runs the given keyword with the given arguments, if ``condition`` is true.</doc>
<arguments>
<arg>"${get_email}"=="${EMPTY}"</arg>
<arg>log to console</arg>
<arg>Warning : User ID is Empty</arg>
</arguments>
<status status="PASS" starttime="20210127 16:19:07.755" endtime="20210127 16:19:07.755"></status>
</kw>
<kw name="Log To Console" library="BuiltIn">
<doc>Logs the given message to the console.</doc>
<arguments>
<arg>Validation is done for the keys in Response.</arg>
</arguments>
<status status="PASS" starttime="20210127 16:19:07.756" endtime="20210127 16:19:07.757"></status>
</kw>
<status status="PASS" starttime="20210127 16:19:07.749" endtime="20210127 16:19:07.757"></status>
</kw>
<kw name="${item} = {'postId': 2, 'id': 8, 'name': 'et omnis dolorem', 'email': 'Mallory_Kunze@marie.org', 'body': 'ut voluptatem corrupti velit\nad voluptatem maiores\net nisi velit vero accusamus maiores\nvoluptates qu..." type="foritem">
<kw name="Log To Console" library="BuiltIn">
<doc>Logs the given message to the console.</doc>
<arguments>
<arg>to console</arg>
<arg>Value of item is : ${item}</arg>
</arguments>
<status status="PASS" starttime="20210127 16:19:07.757" endtime="20210127 16:19:07.757"></status>
</kw>
<kw name="Set Variable" library="BuiltIn">
<doc>Returns the given values which can then be assigned to a variables.</doc>
<arguments>
<arg>${item['postId']}</arg>
</arguments>
<assign>
<var>${get_postId}</var>
</assign>
<msg timestamp="20210127 16:19:07.758" level="INFO">${get_postId} = 2</msg>
<status status="PASS" starttime="20210127 16:19:07.757" endtime="20210127 16:19:07.758"></status>
</kw>
<kw name="Set Variable" library="BuiltIn">
<doc>Returns the given values which can then be assigned to a variables.</doc>
<arguments>
<arg>${item['id']}</arg>
</arguments>
<assign>
<var>${get_id}</var>
</assign>
<msg timestamp="20210127 16:19:07.758" level="INFO">${get_id} = 8</msg>
<status status="PASS" starttime="20210127 16:19:07.758" endtime="20210127 16:19:07.758"></status>
</kw>
<kw name="Set Variable" library="BuiltIn">
<doc>Returns the given values which can then be assigned to a variables.</doc>
<arguments>
<arg>${item['name']}</arg>
</arguments>
<assign>
<var>${get_name}</var>
</assign>
<msg timestamp="20210127 16:19:07.759" level="INFO">${get_name} = et omnis dolorem</msg>
<status status="PASS" starttime="20210127 16:19:07.758" endtime="20210127 16:19:07.759"></status>
</kw>
<kw name="Set Variable" library="BuiltIn">
<doc>Returns the given values which can then be assigned to a variables.</doc>
<arguments>
<arg>${item['email']}</arg>
</arguments>
<assign>
<var>${get_email}</var>
</assign>
<msg timestamp="20210127 16:19:07.759" level="INFO">${get_email} = Mallory_Kunze@marie.org</msg>
<status status="PASS" starttime="20210127 16:19:07.759" endtime="20210127 16:19:07.759"></status>
</kw>
<kw name="Set Variable" library="BuiltIn">
<doc>Returns the given values which can then be assigned to a variables.</doc>
<arguments>
<arg>${item['body']}</arg>
</arguments>
<assign>
<var>${get_body}</var>
</assign>
<msg timestamp="20210127 16:19:07.760" level="INFO">${get_body} = ut voluptatem corrupti velit
ad voluptatem maiores
et nisi velit vero accusamus maiores
voluptates quia aliquid ullam eaque</msg>
<status status="PASS" starttime="20210127 16:19:07.760" endtime="20210127 16:19:07.760"></status>
</kw>
<kw name="Log To Console" library="BuiltIn">
<doc>Logs the given message to the console.</doc>
<arguments>
<arg>${get_postId} | ${get_id} | ${get_name} | ${get_email} | ${get_body}</arg>
</arguments>
<status status="PASS" starttime="20210127 16:19:07.760" endtime="20210127 16:19:07.761"></status>
</kw>
<kw name="Run Keyword If" library="BuiltIn">
<doc>Runs the given keyword with the given arguments, if ``condition`` is true.</doc>
<arguments>
<arg>"${get_postId}"=="${EMPTY}"</arg>
<arg>log to console</arg>
<arg>Warning : Post ID is Empty</arg>
</arguments>
<status status="PASS" starttime="20210127 16:19:07.761" endtime="20210127 16:19:07.761"></status>
</kw>
<kw name="Run Keyword If" library="BuiltIn">
<doc>Runs the given keyword with the given arguments, if ``condition`` is true.</doc>
<arguments>
<arg>"${get_id}"=="${EMPTY}"</arg>
<arg>log to console</arg>
<arg>Warning : ID is Empty</arg>
</arguments>
<status status="PASS" starttime="20210127 16:19:07.761" endtime="20210127 16:19:07.761"></status>
</kw>
<kw name="Run Keyword If" library="BuiltIn">
<doc>Runs the given keyword with the given arguments, if ``condition`` is true.</doc>
<arguments>
<arg>"${get_name}"=="${EMPTY}"</arg>
<arg>log to console</arg>
<arg>Warning : Title is Empty</arg>
</arguments>
<status status="PASS" starttime="20210127 16:19:07.762" endtime="20210127 16:19:07.762"></status>
</kw>
<kw name="Run Keyword If" library="BuiltIn">
<doc>Runs the given keyword with the given arguments, if ``condition`` is true.</doc>
<arguments>
<arg>"${get_email}"=="${EMPTY}"</arg>
<arg>log to console</arg>
<arg>Warning : User ID is Empty</arg>
</arguments>
<status status="PASS" starttime="20210127 16:19:07.762" endtime="20210127 16:19:07.762"></status>
</kw>
<kw name="Log To Console" library="BuiltIn">
<doc>Logs the given message to the console.</doc>
<arguments>
<arg>Validation is done for the keys in Response.</arg>
</arguments>
<status status="PASS" starttime="20210127 16:19:07.762" endtime="20210127 16:19:07.763"></status>
</kw>
<status status="PASS" starttime="20210127 16:19:07.757" endtime="20210127 16:19:07.763"></status>
</kw>
<kw name="${item} = {'postId': 2, 'id': 9, 'name': 'provident id voluptas', 'email': 'Meghan_Littel@rene.us', 'body': 'sapiente assumenda molestiae atque\nadipisci laborum distinctio aperiam et ab ut omnis\net occaecati ..." type="foritem">
<kw name="Log To Console" library="BuiltIn">
<doc>Logs the given message to the console.</doc>
<arguments>
<arg>to console</arg>
<arg>Value of item is : ${item}</arg>
</arguments>
<status status="PASS" starttime="20210127 16:19:07.763" endtime="20210127 16:19:07.764"></status>
</kw>
<kw name="Set Variable" library="BuiltIn">
<doc>Returns the given values which can then be assigned to a variables.</doc>
<arguments>
<arg>${item['postId']}</arg>
</arguments>
<assign>
<var>${get_postId}</var>
</assign>
<msg timestamp="20210127 16:19:07.764" level="INFO">${get_postId} = 2</msg>
<status status="PASS" starttime="20210127 16:19:07.764" endtime="20210127 16:19:07.764"></status>
</kw>
<kw name="Set Variable" library="BuiltIn">
<doc>Returns the given values which can then be assigned to a variables.</doc>
<arguments>
<arg>${item['id']}</arg>
</arguments>
<assign>
<var>${get_id}</var>
</assign>
<msg timestamp="20210127 16:19:07.765" level="INFO">${get_id} = 9</msg>
<status status="PASS" starttime="20210127 16:19:07.764" endtime="20210127 16:19:07.765"></status>
</kw>
<kw name="Set Variable" library="BuiltIn">
<doc>Returns the given values which can then be assigned to a variables.</doc>
<arguments>
<arg>${item['name']}</arg>
</arguments>
<assign>
<var>${get_name}</var>
</assign>
<msg timestamp="20210127 16:19:07.765" level="INFO">${get_name} = provident id voluptas</msg>
<status status="PASS" starttime="20210127 16:19:07.765" endtime="20210127 16:19:07.765"></status>
</kw>
<kw name="Set Variable" library="BuiltIn">
<doc>Returns the given values which can then be assigned to a variables.</doc>
<arguments>
<arg>${item['email']}</arg>
</arguments>
<assign>
<var>${get_email}</var>
</assign>
<msg timestamp="20210127 16:19:07.766" level="INFO">${get_email} = Meghan_Littel@rene.us</msg>
<status status="PASS" starttime="20210127 16:19:07.765" endtime="20210127 16:19:07.766"></status>
</kw>
<kw name="Set Variable" library="BuiltIn">
<doc>Returns the given values which can then be assigned to a variables.</doc>
<arguments>
<arg>${item['body']}</arg>
</arguments>
<assign>
<var>${get_body}</var>
</assign>
<msg timestamp="20210127 16:19:07.767" level="INFO">${get_body} = sapiente assumenda molestiae atque
adipisci laborum distinctio aperiam et ab ut omnis
et occaecati aspernatur odit sit rem expedita
quas enim ipsam minus</msg>
<status status="PASS" starttime="20210127 16:19:07.766" endtime="20210127 16:19:07.767"></status>
</kw>
<kw name="Log To Console" library="BuiltIn">
<doc>Logs the given message to the console.</doc>
<arguments>
<arg>${get_postId} | ${get_id} | ${get_name} | ${get_email} | ${get_body}</arg>
</arguments>
<status status="PASS" starttime="20210127 16:19:07.767" endtime="20210127 16:19:07.767"></status>
</kw>
<kw name="Run Keyword If" library="BuiltIn">
<doc>Runs the given keyword with the given arguments, if ``condition`` is true.</doc>
<arguments>
<arg>"${get_postId}"=="${EMPTY}"</arg>
<arg>log to console</arg>
<arg>Warning : Post ID is Empty</arg>
</arguments>
<status status="PASS" starttime="20210127 16:19:07.768" endtime="20210127 16:19:07.768"></status>
</kw>
<kw name="Run Keyword If" library="BuiltIn">
<doc>Runs the given keyword with the given arguments, if ``condition`` is true.</doc>
<arguments>
<arg>"${get_id}"=="${EMPTY}"</arg>
<arg>log to console</arg>
<arg>Warning : ID is Empty</arg>
</arguments>
<status status="PASS" starttime="20210127 16:19:07.768" endtime="20210127 16:19:07.768"></status>
</kw>
<kw name="Run Keyword If" library="BuiltIn">
<doc>Runs the given keyword with the given arguments, if ``condition`` is true.</doc>
<arguments>
<arg>"${get_name}"=="${EMPTY}"</arg>
<arg>log to console</arg>
<arg>Warning : Title is Empty</arg>
</arguments>
<status status="PASS" starttime="20210127 16:19:07.769" endtime="20210127 16:19:07.769"></status>
</kw>
<kw name="Run Keyword If" library="BuiltIn">
<doc>Runs the given keyword with the given arguments, if ``condition`` is true.</doc>
<arguments>
<arg>"${get_email}"=="${EMPTY}"</arg>
<arg>log to console</arg>
<arg>Warning : User ID is Empty</arg>
</arguments>
<status status="PASS" starttime="20210127 16:19:07.769" endtime="20210127 16:19:07.769"></status>
</kw>
<kw name="Log To Console" library="BuiltIn">
<doc>Logs the given message to the console.</doc>
<arguments>
<arg>Validation is done for the keys in Response.</arg>
</arguments>
<status status="PASS" starttime="20210127 16:19:07.769" endtime="20210127 16:19:07.770"></status>
</kw>
<status status="PASS" starttime="20210127 16:19:07.763" endtime="20210127 16:19:07.770"></status>
</kw>
<kw name="${item} = {'postId': 2, 'id': 10, 'name': 'eaque et deleniti atque tenetur ut quo ut', 'email': 'Carmen_Keeling@caroline.name', 'body': 'voluptate iusto quis nobis reprehenderit ipsum amet nulla\nquia quas dolo..." type="foritem">
<kw name="Log To Console" library="BuiltIn">
<doc>Logs the given message to the console.</doc>
<arguments>
<arg>to console</arg>
<arg>Value of item is : ${item}</arg>
</arguments>
<status status="PASS" starttime="20210127 16:19:07.770" endtime="20210127 16:19:07.771"></status>
</kw>
<kw name="Set Variable" library="BuiltIn">
<doc>Returns the given values which can then be assigned to a variables.</doc>
<arguments>
<arg>${item['postId']}</arg>
</arguments>
<assign>
<var>${get_postId}</var>
</assign>
<msg timestamp="20210127 16:19:07.772" level="INFO">${get_postId} = 2</msg>
<status status="PASS" starttime="20210127 16:19:07.771" endtime="20210127 16:19:07.772"></status>
</kw>
<kw name="Set Variable" library="BuiltIn">
<doc>Returns the given values which can then be assigned to a variables.</doc>
<arguments>
<arg>${item['id']}</arg>
</arguments>
<assign>
<var>${get_id}</var>
</assign>
<msg timestamp="20210127 16:19:07.772" level="INFO">${get_id} = 10</msg>
<status status="PASS" starttime="20210127 16:19:07.772" endtime="20210127 16:19:07.772"></status>
</kw>
<kw name="Set Variable" library="BuiltIn">
<doc>Returns the given values which can then be assigned to a variables.</doc>
<arguments>
<arg>${item['name']}</arg>
</arguments>
<assign>
<var>${get_name}</var>
</assign>
<msg timestamp="20210127 16:19:07.773" level="INFO">${get_name} = eaque et deleniti atque tenetur ut quo ut</msg>
<status status="PASS" starttime="20210127 16:19:07.772" endtime="20210127 16:19:07.773"></status>
</kw>
<kw name="Set Variable" library="BuiltIn">
<doc>Returns the given values which can then be assigned to a variables.</doc>
<arguments>
<arg>${item['email']}</arg>
</arguments>
<assign>
<var>${get_email}</var>
</assign>
<msg timestamp="20210127 16:19:07.773" level="INFO">${get_email} = Carmen_Keeling@caroline.name</msg>
<status status="PASS" starttime="20210127 16:19:07.773" endtime="20210127 16:19:07.773"></status>
</kw>
<kw name="Set Variable" library="BuiltIn">
<doc>Returns the given values which can then be assigned to a variables.</doc>
<arguments>
<arg>${item['body']}</arg>
</arguments>
<assign>
<var>${get_body}</var>
</assign>
<msg timestamp="20210127 16:19:07.774" level="INFO">${get_body} = voluptate iusto quis nobis reprehenderit ipsum amet nulla
quia quas dolores velit et non
aut quia necessitatibus
nostrum quaerat nulla et accusamus nisi facilis</msg>
<status status="PASS" starttime="20210127 16:19:07.773" endtime="20210127 16:19:07.774"></status>
</kw>
<kw name="Log To Console" library="BuiltIn">
<doc>Logs the given message to the console.</doc>
<arguments>
<arg>${get_postId} | ${get_id} | ${get_name} | ${get_email} | ${get_body}</arg>
</arguments>
<status status="PASS" starttime="20210127 16:19:07.774" endtime="20210127 16:19:07.775"></status>
</kw>
<kw name="Run Keyword If" library="BuiltIn">
<doc>Runs the given keyword with the given arguments, if ``condition`` is true.</doc>
<arguments>
<arg>"${get_postId}"=="${EMPTY}"</arg>
<arg>log to console</arg>
<arg>Warning : Post ID is Empty</arg>
</arguments>
<status status="PASS" starttime="20210127 16:19:07.775" endtime="20210127 16:19:07.775"></status>
</kw>
<kw name="Run Keyword If" library="BuiltIn">
<doc>Runs the given keyword with the given arguments, if ``condition`` is true.</doc>
<arguments>
<arg>"${get_id}"=="${EMPTY}"</arg>
<arg>log to console</arg>
<arg>Warning : ID is Empty</arg>
</arguments>
<status status="PASS" starttime="20210127 16:19:07.775" endtime="20210127 16:19:07.775"></status>
</kw>
<kw name="Run Keyword If" library="BuiltIn">
<doc>Runs the given keyword with the given arguments, if ``condition`` is true.</doc>
<arguments>
<arg>"${get_name}"=="${EMPTY}"</arg>
<arg>log to console</arg>
<arg>Warning : Title is Empty</arg>
</arguments>
<status status="PASS" starttime="20210127 16:19:07.776" endtime="20210127 16:19:07.776"></status>
</kw>
<kw name="Run Keyword If" library="BuiltIn">
<doc>Runs the given keyword with the given arguments, if ``condition`` is true.</doc>
<arguments>
<arg>"${get_email}"=="${EMPTY}"</arg>
<arg>log to console</arg>
<arg>Warning : User ID is Empty</arg>
</arguments>
<status status="PASS" starttime="20210127 16:19:07.776" endtime="20210127 16:19:07.776"></status>
</kw>
<kw name="Log To Console" library="BuiltIn">
<doc>Logs the given message to the console.</doc>
<arguments>
<arg>Validation is done for the keys in Response.</arg>
</arguments>
<status status="PASS" starttime="20210127 16:19:07.777" endtime="20210127 16:19:07.777"></status>
</kw>
<status status="PASS" starttime="20210127 16:19:07.770" endtime="20210127 16:19:07.777"></status>
</kw>
<status status="PASS" starttime="20210127 16:19:07.743" endtime="20210127 16:19:07.777"></status>
</kw>
<kw name="Log To Console" library="BuiltIn">
<doc>Logs the given message to the console.</doc>
<arguments>
<arg>Validation is done for GET API.</arg>
</arguments>
<status status="PASS" starttime="20210127 16:19:07.777" endtime="20210127 16:19:07.777"></status>
</kw>
<doc>This test case will validate the Response for the url /posts/1/comments</doc>
<tags>
<tag>APIValidation</tag>
</tags>
<status status="PASS" starttime="20210127 16:19:07.629" endtime="20210127 16:19:07.779" critical="yes"></status>
</test>
<status status="PASS" starttime="20210127 16:19:07.337" endtime="20210127 16:19:07.779"></status>
</suite>
<status status="PASS" starttime="20210127 16:19:04.705" endtime="20210127 16:19:07.783"></status>
</suite>
<statistics>
<total>
<stat pass="16" fail="0">Critical Tests</stat>
<stat pass="16" fail="0">All Tests</stat>
</total>
<tag>
<stat pass="16" fail="0">APIValidation</stat>
</tag>
<suite>
<stat pass="16" fail="0" id="s1" name="TestCases GET">TestCases GET</stat>
<stat pass="4" fail="0" id="s1-s1" name="TC COMMENTS POST ID">TestCases GET.TC COMMENTS POST ID</stat>
<stat pass="4" fail="0" id="s1-s2" name="TC POSTS">TestCases GET.TC POSTS</stat>
<stat pass="4" fail="0" id="s1-s3" name="TC POSTS 1">TestCases GET.TC POSTS 1</stat>
<stat pass="4" fail="0" id="s1-s4" name="TC POSTS 1 COMMENTS">TestCases GET.TC POSTS 1 COMMENTS</stat>
</suite>
</statistics>
<errors>
</errors>
</robot>
